2025-08-18T21:28:02.9220893Z Container start method called.
2025-08-18T21:28:02.9227080Z Establishing network.
2025-08-18T21:28:02.9230258Z Pulling image: appsvc/node:20-lts_20250724.2.tuxprod.
2025-08-18T21:28:18.6674422Z Container is starting.
2025-08-18T21:28:18.6743286Z Establishing user namespace if not established already.
2025-08-18T21:28:18.6745706Z Establishing network if not established already.
2025-08-18T21:28:18.6746999Z Mounting volumes.
2025-08-18T21:28:18.6749229Z Nested mountpoint 
2025-08-18T21:28:18.7062464Z Nested mountpoint volatile/logs
2025-08-18T21:28:18.7262469Z Nested mountpoint 
2025-08-18T21:28:18.8354688Z Nested mountpoint 
2025-08-18T21:28:18.8785778Z Nested mountpoint 
2025-08-18T21:28:59.0893051Z Creating container.
2025-08-18T21:28:59.0897585Z Creating pipes for streaming container io.
2025-08-18T21:28:59.0987246Z Creating stdout named pipe at /podr/container/pipe/32dfe6f9d8cc_web-cybermat-prd/stdout_4f0dadd62f15417482893508732878bd.
2025-08-18T21:28:59.1194563Z Successfully created stdout named pipe at: /podr/container/pipe/32dfe6f9d8cc_web-cybermat-prd/stdout_4f0dadd62f15417482893508732878bd.
2025-08-18T21:28:59.1203158Z Opening named pipe /podr/container/pipe/32dfe6f9d8cc_web-cybermat-prd/stdout_4f0dadd62f15417482893508732878bd for reading in non-blocking mode.
2025-08-18T21:28:59.1205074Z Successfully opened named pipe: /podr/container/pipe/32dfe6f9d8cc_web-cybermat-prd/stdout_4f0dadd62f15417482893508732878bd.
2025-08-18T21:28:59.1207351Z Successfully removed non-blocking flag from /podr/container/pipe/32dfe6f9d8cc_web-cybermat-prd/stdout_4f0dadd62f15417482893508732878bd.
2025-08-18T21:28:59.1215663Z Creating stderr named pipe at /podr/container/pipe/32dfe6f9d8cc_web-cybermat-prd/stderr_6111f5b50e874e55b55eb46142f0ebd8.
2025-08-18T21:28:59.1388048Z Successfully created stderr named pipe at: /podr/container/pipe/32dfe6f9d8cc_web-cybermat-prd/stderr_6111f5b50e874e55b55eb46142f0ebd8.
2025-08-18T21:28:59.1390983Z Opening named pipe /podr/container/pipe/32dfe6f9d8cc_web-cybermat-prd/stderr_6111f5b50e874e55b55eb46142f0ebd8 for reading in non-blocking mode.
2025-08-18T21:28:59.1393837Z Successfully opened named pipe: /podr/container/pipe/32dfe6f9d8cc_web-cybermat-prd/stderr_6111f5b50e874e55b55eb46142f0ebd8.
2025-08-18T21:28:59.1396327Z Successfully removed non-blocking flag from /podr/container/pipe/32dfe6f9d8cc_web-cybermat-prd/stderr_6111f5b50e874e55b55eb46142f0ebd8.
2025-08-18T21:28:59.1399025Z Creating container with image: appsvc/node:20-lts_20250724.2.tuxprod from registry: mcr.microsoft.com and fully qualified image name: mcr.microsoft.com/appsvc/node:20-lts_20250724.2.tuxprod
2025-08-18T21:29:26.4023532Z Starting container: 32dfe6f9d8cc_web-cybermat-prd.
2025-08-18T21:29:26.4939722Z Starting watchers and probes.
2025-08-18T21:29:26.5149148Z Starting metrics collection.
2025-08-18T21:29:26.5243986Z Container is running.
2025-08-18T21:29:26.8040455Z Container start method finished after 83871 ms.
2025-08-18T21:30:29.0395178Z Container has finished running with exit code: 127.
2025-08-18T21:30:29.1186769Z Container is terminating. Grace period: 5 seconds.
2025-08-18T21:30:29.1692408Z Stop and delete container. Retry count = 0
2025-08-18T21:30:29.1785618Z Stopping container: 32dfe6f9d8cc_web-cybermat-prd.
2025-08-18T21:30:29.6028897Z Deleting container: 32dfe6f9d8cc_web-cybermat-prd. Retry count = 0
2025-08-18T21:30:31.4460578Z Container spec TerminationMessagePolicy  path 
2025-08-18T21:30:31.4939449Z Container is terminated. Total time elapsed: 2344 ms.
2025-08-18T21:30:31.5054408Z Site container: web-cybermat-prd terminated during site startup.
2025-08-18T21:30:31.6060952Z Site startup probe failed after 64.5696413 seconds.
2025-08-18T21:30:31.8682928Z Failed to start site. Revert by stopping site.
2025-08-18T21:30:32.1191185Z Site: web-cybermat-prd stopped.
2025-08-18T21:31:25.261Z ERROR - DockerApiException: Docker API responded with status code=NotFound, response={"message":"manifest for 10.1.0.5:13209/appsvc/node:20-lts_20250724.2.tuxprod not found: manifest unknown: manifest unknown"}

2025-08-18T21:31:25.674Z ERROR - DockerApiException: Docker API responded with status code=NotFound, response={"message":"manifest for 10.1.0.4:13209/appsvc/node:20-lts_20250724.2.tuxprod not found: manifest unknown: manifest unknown"}

2025-08-18T21:31:27.087Z INFO  - 20-lts_20250724.2.tuxprod Pulling from appsvc/node
2025-08-18T21:31:27.168Z INFO  - c19952135643 Pulling fs layer
2025-08-18T21:31:27.169Z INFO  - b49b2c83cf45 Pulling fs layer
2025-08-18T21:31:27.176Z INFO  - a7350ec49683 Pulling fs layer
2025-08-18T21:31:27.176Z INFO  - ca64976d1f75 Pulling fs layer
2025-08-18T21:31:27.177Z INFO  - 9c231cb2d468 Pulling fs layer
2025-08-18T21:31:27.177Z INFO  - 6d5ed858bc79 Pulling fs layer
2025-08-18T21:31:27.178Z INFO  - b147e1d819b6 Pulling fs layer
2025-08-18T21:31:27.178Z INFO  - bddeee446dea Pulling fs layer
2025-08-18T21:31:27.178Z INFO  - 3bba0ee51794 Pulling fs layer
2025-08-18T21:31:27.298Z INFO  - 5b5c68b4e022 Pulling fs layer
2025-08-18T21:31:27.307Z INFO  - 589fad460b75 Pulling fs layer
2025-08-18T21:31:27.327Z INFO  - a4ac82e1650a Pulling fs layer
2025-08-18T21:31:27.337Z INFO  - 6e652537f0de Pulling fs layer
2025-08-18T21:31:27.337Z INFO  - 4f4fb700ef54 Pulling fs layer
2025-08-18T21:31:27.338Z INFO  - 70b2d1c62102 Pulling fs layer
2025-08-18T21:31:27.338Z INFO  - 81114daeece3 Pulling fs layer
2025-08-18T21:31:27.339Z INFO  - 72560126db61 Pulling fs layer
2025-08-18T21:31:27.339Z INFO  - b4ee02498c51 Pulling fs layer
2025-08-18T21:31:27.339Z INFO  - 9f7642f5d897 Pulling fs layer
2025-08-18T21:31:27.340Z INFO  - 064a93d404d8 Pulling fs layer
2025-08-18T21:31:27.347Z INFO  - 9078bcfaabdd Pulling fs layer
2025-08-18T21:31:27.347Z INFO  - 8367cb93fd79 Pulling fs layer
2025-08-18T21:31:27.348Z INFO  - 432802c32c40 Pulling fs layer
2025-08-18T21:31:27.348Z INFO  - b5ee41dce4d1 Pulling fs layer
2025-08-18T21:31:27.348Z INFO  - 299358e274fc Pulling fs layer
2025-08-18T21:31:27.349Z INFO  - 9078bcfaabdd Waiting
2025-08-18T21:31:27.358Z INFO  - 8367cb93fd79 Waiting
2025-08-18T21:31:27.366Z INFO  - 432802c32c40 Waiting
2025-08-18T21:31:27.367Z INFO  - b5ee41dce4d1 Waiting
2025-08-18T21:31:27.368Z INFO  - a0f687a8a43e Pulling fs layer
2025-08-18T21:31:27.376Z INFO  - f6668cf6fc4f Pulling fs layer
2025-08-18T21:31:27.377Z INFO  - cab9518eb753 Pulling fs layer
2025-08-18T21:31:27.378Z INFO  - f9717d513d08 Pulling fs layer
2025-08-18T21:31:27.378Z INFO  - 81d0cf6a6204 Pulling fs layer
2025-08-18T21:31:27.378Z INFO  - e705a3b12771 Pulling fs layer
2025-08-18T21:31:27.379Z INFO  - cdcdb6bbda74 Pulling fs layer
2025-08-18T21:31:27.379Z INFO  - 3c56665f14df Pulling fs layer
2025-08-18T21:31:27.379Z INFO  - 6076b5261919 Pulling fs layer
2025-08-18T21:31:27.387Z INFO  - cfb2442eec7a Pulling fs layer
2025-08-18T21:31:27.388Z INFO  - c7bf2b05e76c Pulling fs layer
2025-08-18T21:31:27.388Z INFO  - 9e40ee8f5c7c Pulling fs layer
2025-08-18T21:31:27.388Z INFO  - 299358e274fc Waiting
2025-08-18T21:31:27.389Z INFO  - a0f687a8a43e Waiting
2025-08-18T21:31:27.389Z INFO  - f6668cf6fc4f Waiting
2025-08-18T21:31:27.389Z INFO  - cab9518eb753 Waiting
2025-08-18T21:31:27.390Z INFO  - f9717d513d08 Waiting
2025-08-18T21:31:27.397Z INFO  - 81d0cf6a6204 Waiting
2025-08-18T21:31:27.397Z INFO  - e705a3b12771 Waiting
2025-08-18T21:31:27.398Z INFO  - cdcdb6bbda74 Waiting
2025-08-18T21:31:27.398Z INFO  - 3c56665f14df Waiting
2025-08-18T21:31:27.399Z INFO  - 6076b5261919 Waiting
2025-08-18T21:31:27.399Z INFO  - cfb2442eec7a Waiting
2025-08-18T21:31:27.400Z INFO  - c7bf2b05e76c Waiting
2025-08-18T21:31:27.407Z INFO  - 9e40ee8f5c7c Waiting
2025-08-18T21:31:30.181Z INFO  - bddeee446dea Downloading 3KB / 14KB
2025-08-18T21:31:30.199Z INFO  - 4f4fb700ef54 Downloading 32B / 32B
2025-08-18T21:31:30.200Z INFO  - bddeee446dea Downloading 14KB / 14KB
2025-08-18T21:31:30.201Z INFO  - 4f4fb700ef54 Verifying Checksum
2025-08-18T21:31:30.201Z INFO  - 4f4fb700ef54 Download complete
2025-08-18T21:31:30.202Z INFO  - bddeee446dea Verifying Checksum
2025-08-18T21:31:30.219Z INFO  - bddeee446dea Download complete
2025-08-18T21:31:30.219Z INFO  - a4ac82e1650a Downloading 158KB / 1MB
2025-08-18T21:31:30.239Z INFO  - b49b2c83cf45 Downloading 1MB / 35MB
2025-08-18T21:31:30.561Z INFO  - b147e1d819b6 Downloading 3KB / 10KB
2025-08-18T21:31:30.562Z INFO  - 6d5ed858bc79 Downloading 3KB / 39KB
2025-08-18T21:31:30.563Z INFO  - b4ee02498c51 Downloading 350KB / 16MB
2025-08-18T21:31:31.024Z INFO  - 5b5c68b4e022 Downloading 3KB / 10KB
2025-08-18T21:31:31.458Z INFO  - ca64976d1f75 Downloading 387B / 387B
2025-08-18T21:31:31.458Z INFO  - 9f7642f5d897 Downloading 126B / 126B
2025-08-18T21:31:31.458Z INFO  - b147e1d819b6 Downloading 10KB / 10KB
2025-08-18T21:31:31.458Z INFO  - 6d5ed858bc79 Downloading 39KB / 39KB
2025-08-18T21:31:31.458Z INFO  - 5b5c68b4e022 Downloading 10KB / 10KB
2025-08-18T21:31:31.458Z INFO  - ca64976d1f75 Verifying Checksum
2025-08-18T21:31:31.458Z INFO  - ca64976d1f75 Download complete
2025-08-18T21:31:31.458Z INFO  - 9f7642f5d897 Verifying Checksum
2025-08-18T21:31:31.458Z INFO  - 9f7642f5d897 Download complete
2025-08-18T21:31:31.458Z INFO  - b147e1d819b6 Verifying Checksum
2025-08-18T21:31:31.466Z INFO  - b147e1d819b6 Download complete
2025-08-18T21:31:31.466Z INFO  - 6d5ed858bc79 Verifying Checksum
2025-08-18T21:31:31.466Z INFO  - 6d5ed858bc79 Download complete
2025-08-18T21:31:31.466Z INFO  - 5b5c68b4e022 Verifying Checksum
2025-08-18T21:31:31.466Z INFO  - 5b5c68b4e022 Download complete
2025-08-18T21:31:31.466Z INFO  - a7350ec49683 Downloading 190KB / 3MB
2025-08-18T21:31:31.467Z INFO  - 9c231cb2d468 Downloading 158KB / 1MB
2025-08-18T21:31:31.467Z INFO  - 589fad460b75 Downloading 174KB / 1MB
2025-08-18T21:31:31.467Z INFO  - 72560126db61 Downloading 254KB / 11MB
2025-08-18T21:31:31.467Z INFO  - a4ac82e1650a Downloading 862KB / 1MB
2025-08-18T21:31:31.467Z INFO  - 9c231cb2d468 Downloading 206KB / 1MB
2025-08-18T21:31:31.467Z INFO  - 589fad460b75 Downloading 206KB / 1MB
2025-08-18T21:31:31.467Z INFO  - 6e652537f0de Verifying Checksum
2025-08-18T21:31:31.467Z INFO  - 6e652537f0de Download complete
2025-08-18T21:31:31.467Z INFO  - b4ee02498c51 Downloading 1MB / 16MB
2025-08-18T21:31:31.467Z INFO  - 9c231cb2d468 Downloading 734KB / 1MB
2025-08-18T21:31:31.830Z INFO  - 589fad460b75 Downloading 318KB / 1MB
2025-08-18T21:31:31.838Z INFO  - b4ee02498c51 Downloading 1MB / 16MB
2025-08-18T21:31:31.838Z INFO  - a7350ec49683 Downloading 574KB / 3MB
2025-08-18T21:31:31.838Z INFO  - 81114daeece3 Downloading 958KB / 46MB
2025-08-18T21:31:31.838Z INFO  - 72560126db61 Downloading 766KB / 11MB
2025-08-18T21:31:31.839Z INFO  - a4ac82e1650a Verifying Checksum
2025-08-18T21:31:31.839Z INFO  - a4ac82e1650a Download complete
2025-08-18T21:31:31.839Z INFO  - 9c231cb2d468 Verifying Checksum
2025-08-18T21:31:31.859Z INFO  - 9c231cb2d468 Download complete
2025-08-18T21:31:31.868Z INFO  - 589fad460b75 Verifying Checksum
2025-08-18T21:31:31.869Z INFO  - 589fad460b75 Download complete
2025-08-18T21:31:32.541Z INFO  - b4ee02498c51 Downloading 1MB / 16MB
2025-08-18T21:31:32.541Z INFO  - b49b2c83cf45 Downloading 2MB / 35MB
2025-08-18T21:31:32.541Z INFO  - 70b2d1c62102 Downloading 942KB / 45MB
2025-08-18T21:31:32.541Z INFO  - a7350ec49683 Downloading 910KB / 3MB
2025-08-18T21:31:32.541Z INFO  - c19952135643 Downloading 958KB / 46MB
2025-08-18T21:31:32.541Z INFO  - 81114daeece3 Downloading 1MB / 46MB
2025-08-18T21:31:32.561Z INFO  - a7350ec49683 Downloading 1MB / 3MB
2025-08-18T21:31:32.724Z INFO  - b49b2c83cf45 Downloading 2MB / 35MB
2025-08-18T21:31:33.004Z INFO  - 72560126db61 Downloading 1MB / 11MB
2025-08-18T21:31:33.005Z INFO  - 3bba0ee51794 Downloading 281KB / 281KB
2025-08-18T21:31:33.005Z INFO  - 3bba0ee51794 Verifying Checksum
2025-08-18T21:31:33.005Z INFO  - 3bba0ee51794 Download complete
2025-08-18T21:31:33.006Z INFO  - 064a93d404d8 Downloading 126KB / 5MB
2025-08-18T21:31:33.006Z INFO  - c19952135643 Downloading 1MB / 46MB
2025-08-18T21:31:33.125Z INFO  - b49b2c83cf45 Downloading 3MB / 35MB
2025-08-18T21:31:33.337Z INFO  - 70b2d1c62102 Downloading 2MB / 45MB
2025-08-18T21:31:33.337Z INFO  - a7350ec49683 Downloading 2MB / 3MB
2025-08-18T21:31:33.356Z INFO  - 72560126db61 Downloading 3MB / 11MB
2025-08-18T21:31:33.364Z INFO  - 81114daeece3 Downloading 3MB / 46MB
2025-08-18T21:31:33.586Z INFO  - a7350ec49683 Downloading 3MB / 3MB
2025-08-18T21:31:33.596Z INFO  - 81114daeece3 Downloading 4MB / 46MB
2025-08-18T21:31:33.636Z INFO  - c19952135643 Downloading 2MB / 46MB
2025-08-18T21:31:33.739Z INFO  - a7350ec49683 Downloading 3MB / 3MB
2025-08-18T21:31:34.010Z INFO  - b4ee02498c51 Downloading 4MB / 16MB
2025-08-18T21:31:34.037Z INFO  - a7350ec49683 Downloading 3MB / 3MB
2025-08-18T21:31:34.037Z INFO  - 72560126db61 Downloading 5MB / 11MB
2025-08-18T21:31:34.037Z INFO  - 81114daeece3 Downloading 5MB / 46MB
2025-08-18T21:31:34.037Z INFO  - a7350ec49683 Verifying Checksum
2025-08-18T21:31:34.037Z INFO  - a7350ec49683 Download complete
2025-08-18T21:31:34.209Z INFO  - b4ee02498c51 Downloading 4MB / 16MB
2025-08-18T21:31:34.209Z INFO  - c19952135643 Downloading 3MB / 46MB
2025-08-18T21:31:34.209Z INFO  - 064a93d404d8 Downloading 2MB / 5MB
2025-08-18T21:31:34.268Z INFO  - 72560126db61 Downloading 5MB / 11MB
2025-08-18T21:31:34.409Z INFO  - c19952135643 Downloading 4MB / 46MB
2025-08-18T21:31:34.410Z INFO  - 81114daeece3 Downloading 6MB / 46MB
2025-08-18T21:31:34.541Z INFO  - 81114daeece3 Downloading 7MB / 46MB
2025-08-18T21:31:34.800Z INFO  - 72560126db61 Downloading 6MB / 11MB
2025-08-18T21:31:34.821Z INFO  - 8367cb93fd79 Downloading 1KB / 1KB
2025-08-18T21:31:34.821Z INFO  - 9078bcfaabdd Downloading 948B / 948B
2025-08-18T21:31:34.822Z INFO  - 432802c32c40 Downloading 139B / 139B
2025-08-18T21:31:34.861Z INFO  - 8367cb93fd79 Verifying Checksum
2025-08-18T21:31:34.870Z INFO  - 8367cb93fd79 Download complete
2025-08-18T21:31:34.870Z INFO  - 9078bcfaabdd Verifying Checksum
2025-08-18T21:31:34.870Z INFO  - 9078bcfaabdd Download complete
2025-08-18T21:31:34.870Z INFO  - 432802c32c40 Verifying Checksum
2025-08-18T21:31:34.870Z INFO  - 432802c32c40 Download complete
2025-08-18T21:31:35.172Z INFO  - c19952135643 Downloading 5MB / 46MB
2025-08-18T21:31:35.172Z INFO  - 064a93d404d8 Downloading 4MB / 5MB
2025-08-18T21:31:35.173Z INFO  - 72560126db61 Downloading 7MB / 11MB
2025-08-18T21:31:35.221Z INFO  - a0f687a8a43e Downloading 1KB / 1KB
2025-08-18T21:31:35.221Z INFO  - a0f687a8a43e Verifying Checksum
2025-08-18T21:31:35.222Z INFO  - a0f687a8a43e Download complete
2025-08-18T21:31:35.363Z INFO  - 064a93d404d8 Downloading 5MB / 5MB
2025-08-18T21:31:35.605Z INFO  - b5ee41dce4d1 Downloading 526KB / 67MB
2025-08-18T21:31:35.655Z INFO  - b4ee02498c51 Downloading 6MB / 16MB
2025-08-18T21:31:35.663Z INFO  - 70b2d1c62102 Downloading 5MB / 45MB
2025-08-18T21:31:35.695Z INFO  - c19952135643 Downloading 6MB / 46MB
2025-08-18T21:31:35.696Z INFO  - b49b2c83cf45 Downloading 7MB / 35MB
2025-08-18T21:31:35.757Z INFO  - 81114daeece3 Downloading 8MB / 46MB
2025-08-18T21:31:35.834Z INFO  - 064a93d404d8 Downloading 5MB / 5MB
2025-08-18T21:31:35.834Z INFO  - 81d0cf6a6204 Downloading 1KB / 1KB
2025-08-18T21:31:35.834Z INFO  - 299358e274fc Downloading 1KB / 1KB
2025-08-18T21:31:35.895Z INFO  - 81d0cf6a6204 Verifying Checksum
2025-08-18T21:31:35.895Z INFO  - 81d0cf6a6204 Download complete
2025-08-18T21:31:35.895Z INFO  - 299358e274fc Verifying Checksum
2025-08-18T21:31:35.895Z INFO  - 299358e274fc Download complete
2025-08-18T21:31:35.895Z INFO  - 064a93d404d8 Verifying Checksum
2025-08-18T21:31:35.895Z INFO  - 064a93d404d8 Download complete
2025-08-18T21:31:36.229Z INFO  - 72560126db61 Downloading 8MB / 11MB
2025-08-18T21:31:36.327Z INFO  - c19952135643 Downloading 7MB / 46MB
2025-08-18T21:31:36.327Z INFO  - b4ee02498c51 Downloading 7MB / 16MB
2025-08-18T21:31:36.327Z INFO  - 72560126db61 Downloading 8MB / 11MB
2025-08-18T21:31:36.327Z INFO  - b49b2c83cf45 Downloading 7MB / 35MB
2025-08-18T21:31:36.327Z INFO  - cab9518eb753 Downloading 151B / 151B
2025-08-18T21:31:36.349Z INFO  - f6668cf6fc4f Downloading 3KB / 3KB
2025-08-18T21:31:36.350Z INFO  - cab9518eb753 Verifying Checksum
2025-08-18T21:31:36.369Z INFO  - cab9518eb753 Download complete
2025-08-18T21:31:36.369Z INFO  - f6668cf6fc4f Verifying Checksum
2025-08-18T21:31:36.369Z INFO  - f6668cf6fc4f Download complete
2025-08-18T21:31:36.588Z INFO  - 70b2d1c62102 Downloading 6MB / 45MB
2025-08-18T21:31:36.648Z INFO  - b49b2c83cf45 Downloading 8MB / 35MB
2025-08-18T21:31:36.648Z INFO  - 72560126db61 Downloading 9MB / 11MB
2025-08-18T21:31:36.649Z INFO  - e705a3b12771 Downloading 269B / 269B
2025-08-18T21:31:36.649Z INFO  - f9717d513d08 Downloading 13KB / 13KB
2025-08-18T21:31:36.649Z INFO  - e705a3b12771 Verifying Checksum
2025-08-18T21:31:36.649Z INFO  - e705a3b12771 Download complete
2025-08-18T21:31:36.649Z INFO  - f9717d513d08 Verifying Checksum
2025-08-18T21:31:36.649Z INFO  - f9717d513d08 Download complete
2025-08-18T21:31:36.891Z INFO  - c19952135643 Downloading 8MB / 46MB
2025-08-18T21:31:36.949Z INFO  - b4ee02498c51 Downloading 8MB / 16MB
2025-08-18T21:31:36.949Z INFO  - b49b2c83cf45 Downloading 9MB / 35MB
2025-08-18T21:31:36.949Z INFO  - b5ee41dce4d1 Downloading 1MB / 67MB
2025-08-18T21:31:36.949Z INFO  - 72560126db61 Downloading 9MB / 11MB
2025-08-18T21:31:36.997Z INFO  - b4ee02498c51 Downloading 8MB / 16MB
2025-08-18T21:31:37.027Z INFO  - cdcdb6bbda74 Downloading 269B / 269B
2025-08-18T21:31:37.028Z INFO  - 72560126db61 Verifying Checksum
2025-08-18T21:31:37.028Z INFO  - 72560126db61 Download complete
2025-08-18T21:31:37.028Z INFO  - cdcdb6bbda74 Verifying Checksum
2025-08-18T21:31:37.028Z INFO  - cdcdb6bbda74 Download complete
2025-08-18T21:31:37.208Z INFO  - 70b2d1c62102 Downloading 7MB / 45MB
2025-08-18T21:31:37.209Z INFO  - b49b2c83cf45 Downloading 10MB / 35MB
2025-08-18T21:31:37.530Z INFO  - 81114daeece3 Downloading 12MB / 46MB
2025-08-18T21:31:37.560Z INFO  - b4ee02498c51 Downloading 10MB / 16MB
2025-08-18T21:31:37.563Z INFO  - c19952135643 Downloading 10MB / 46MB
2025-08-18T21:31:37.600Z INFO  - b5ee41dce4d1 Downloading 3MB / 67MB
2025-08-18T21:31:38.013Z INFO  - 81114daeece3 Downloading 14MB / 46MB
2025-08-18T21:31:38.016Z INFO  - b4ee02498c51 Downloading 10MB / 16MB
2025-08-18T21:31:38.074Z INFO  - 70b2d1c62102 Downloading 8MB / 45MB
2025-08-18T21:31:38.074Z INFO  - 3c56665f14df Downloading 124B / 124B
2025-08-18T21:31:38.074Z INFO  - b49b2c83cf45 Downloading 10MB / 35MB
2025-08-18T21:31:38.104Z INFO  - 3c56665f14df Verifying Checksum
2025-08-18T21:31:38.104Z INFO  - 3c56665f14df Download complete
2025-08-18T21:31:38.406Z INFO  - b4ee02498c51 Downloading 11MB / 16MB
2025-08-18T21:31:38.406Z INFO  - c19952135643 Downloading 12MB / 46MB
2025-08-18T21:31:38.406Z INFO  - b5ee41dce4d1 Downloading 4MB / 67MB
2025-08-18T21:31:38.406Z INFO  - 81114daeece3 Downloading 15MB / 46MB
2025-08-18T21:31:38.596Z INFO  - b4ee02498c51 Downloading 11MB / 16MB
2025-08-18T21:31:38.596Z INFO  - b5ee41dce4d1 Downloading 4MB / 67MB
2025-08-18T21:31:39.105Z INFO  - 70b2d1c62102 Downloading 9MB / 45MB
2025-08-18T21:31:39.106Z INFO  - b5ee41dce4d1 Downloading 5MB / 67MB
2025-08-18T21:31:39.106Z INFO  - 9e40ee8f5c7c Downloading 133B / 133B
2025-08-18T21:31:39.106Z INFO  - 9e40ee8f5c7c Verifying Checksum
2025-08-18T21:31:39.106Z INFO  - 9e40ee8f5c7c Download complete
2025-08-18T21:31:39.106Z INFO  - b49b2c83cf45 Downloading 12MB / 35MB
2025-08-18T21:31:39.106Z INFO  - c7bf2b05e76c Downloading 126KB / 1MB
2025-08-18T21:31:39.165Z INFO  - 81114daeece3 Downloading 16MB / 46MB
2025-08-18T21:31:39.166Z INFO  - c19952135643 Downloading 14MB / 46MB
2025-08-18T21:31:39.166Z INFO  - c7bf2b05e76c Downloading 158KB / 1MB
2025-08-18T21:31:39.166Z INFO  - b5ee41dce4d1 Downloading 7MB / 67MB
2025-08-18T21:31:39.166Z INFO  - b49b2c83cf45 Downloading 13MB / 35MB
2025-08-18T21:31:39.167Z INFO  - 70b2d1c62102 Downloading 9MB / 45MB
2025-08-18T21:31:39.167Z INFO  - 6076b5261919 Downloading 416B / 416B
2025-08-18T21:31:39.167Z INFO  - cfb2442eec7a Downloading 1KB / 1KB
2025-08-18T21:31:39.168Z INFO  - 6076b5261919 Verifying Checksum
2025-08-18T21:31:39.168Z INFO  - 6076b5261919 Download complete
2025-08-18T21:31:39.168Z INFO  - cfb2442eec7a Verifying Checksum
2025-08-18T21:31:39.168Z INFO  - cfb2442eec7a Download complete
2025-08-18T21:31:39.608Z INFO  - b4ee02498c51 Downloading 13MB / 16MB
2025-08-18T21:31:39.609Z INFO  - c7bf2b05e76c Downloading 478KB / 1MB
2025-08-18T21:31:39.627Z INFO  - b5ee41dce4d1 Downloading 8MB / 67MB
2025-08-18T21:31:39.627Z INFO  - 81114daeece3 Downloading 17MB / 46MB
2025-08-18T21:31:39.829Z INFO  - b4ee02498c51 Downloading 13MB / 16MB
2025-08-18T21:31:39.829Z INFO  - c19952135643 Downloading 15MB / 46MB
2025-08-18T21:31:39.830Z INFO  - b49b2c83cf45 Downloading 14MB / 35MB
2025-08-18T21:31:39.849Z INFO  - c7bf2b05e76c Downloading 926KB / 1MB
2025-08-18T21:31:40.613Z INFO  - c7bf2b05e76c Downloading 958KB / 1MB
2025-08-18T21:31:40.613Z INFO  - 70b2d1c62102 Downloading 11MB / 45MB
2025-08-18T21:31:40.613Z INFO  - b5ee41dce4d1 Downloading 9MB / 67MB
2025-08-18T21:31:40.613Z INFO  - 81114daeece3 Downloading 18MB / 46MB
2025-08-18T21:31:40.613Z INFO  - c19952135643 Downloading 15MB / 46MB
2025-08-18T21:31:40.613Z INFO  - b5ee41dce4d1 Downloading 10MB / 67MB
2025-08-18T21:31:40.613Z INFO  - b49b2c83cf45 Downloading 15MB / 35MB
2025-08-18T21:31:40.613Z INFO  - c7bf2b05e76c Downloading 1MB / 1MB
2025-08-18T21:31:40.613Z INFO  - c7bf2b05e76c Verifying Checksum
2025-08-18T21:31:40.613Z INFO  - c7bf2b05e76c Download complete
2025-08-18T21:31:40.613Z INFO  - b5ee41dce4d1 Downloading 11MB / 67MB
2025-08-18T21:31:40.705Z INFO  - 70b2d1c62102 Downloading 12MB / 45MB
2025-08-18T21:31:40.706Z INFO  - c19952135643 Downloading 16MB / 46MB
2025-08-18T21:31:40.974Z INFO  - 70b2d1c62102 Downloading 13MB / 45MB
2025-08-18T21:31:40.974Z INFO  - 81114daeece3 Downloading 19MB / 46MB
2025-08-18T21:31:40.975Z INFO  - b49b2c83cf45 Downloading 15MB / 35MB
2025-08-18T21:31:40.975Z INFO  - b4ee02498c51 Downloading 15MB / 16MB
2025-08-18T21:31:40.975Z INFO  - b4ee02498c51 Verifying Checksum
2025-08-18T21:31:40.975Z INFO  - b4ee02498c51 Download complete
2025-08-18T21:31:41.164Z INFO  - 81114daeece3 Downloading 20MB / 46MB
2025-08-18T21:31:41.164Z INFO  - b5ee41dce4d1 Downloading 13MB / 67MB
2025-08-18T21:31:41.305Z INFO  - 70b2d1c62102 Downloading 14MB / 45MB
2025-08-18T21:31:41.305Z INFO  - c19952135643 Downloading 18MB / 46MB
2025-08-18T21:31:41.305Z INFO  - b49b2c83cf45 Downloading 17MB / 35MB
2025-08-18T21:31:41.305Z INFO  - b5ee41dce4d1 Downloading 14MB / 67MB
2025-08-18T21:31:41.435Z INFO  - c19952135643 Downloading 19MB / 46MB
2025-08-18T21:31:41.435Z INFO  - 81114daeece3 Downloading 21MB / 46MB
2025-08-18T21:31:41.435Z INFO  - 70b2d1c62102 Downloading 15MB / 45MB
2025-08-18T21:31:41.435Z INFO  - b5ee41dce4d1 Downloading 15MB / 67MB
2025-08-18T21:31:41.668Z INFO  - 81114daeece3 Downloading 22MB / 46MB
2025-08-18T21:31:41.826Z INFO  - b49b2c83cf45 Downloading 18MB / 35MB
2025-08-18T21:31:41.957Z INFO  - c19952135643 Downloading 21MB / 46MB
2025-08-18T21:31:41.957Z INFO  - 81114daeece3 Downloading 24MB / 46MB
2025-08-18T21:31:41.968Z INFO  - c19952135643 Downloading 22MB / 46MB
2025-08-18T21:31:42.050Z INFO  - b5ee41dce4d1 Downloading 19MB / 67MB
2025-08-18T21:31:42.258Z INFO  - b49b2c83cf45 Downloading 20MB / 35MB
2025-08-18T21:31:42.258Z INFO  - 70b2d1c62102 Downloading 18MB / 45MB
2025-08-18T21:31:42.258Z INFO  - 81114daeece3 Downloading 25MB / 46MB
2025-08-18T21:31:42.359Z INFO  - 70b2d1c62102 Downloading 19MB / 45MB
2025-08-18T21:31:42.439Z INFO  - c19952135643 Downloading 23MB / 46MB
2025-08-18T21:31:42.440Z INFO  - b5ee41dce4d1 Downloading 20MB / 67MB
2025-08-18T21:31:42.602Z INFO  - 81114daeece3 Downloading 26MB / 46MB
2025-08-18T21:31:42.691Z INFO  - b49b2c83cf45 Downloading 21MB / 35MB
2025-08-18T21:31:42.731Z INFO  - b5ee41dce4d1 Downloading 21MB / 67MB
2025-08-18T21:31:42.731Z INFO  - 81114daeece3 Downloading 27MB / 46MB
2025-08-18T21:31:42.771Z INFO  - 70b2d1c62102 Downloading 19MB / 45MB
2025-08-18T21:31:42.851Z INFO  - 70b2d1c62102 Downloading 20MB / 45MB
2025-08-18T21:31:42.872Z INFO  - c19952135643 Downloading 24MB / 46MB
2025-08-18T21:31:42.872Z INFO  - b5ee41dce4d1 Downloading 22MB / 67MB
2025-08-18T21:31:42.911Z INFO  - b49b2c83cf45 Downloading 22MB / 35MB
2025-08-18T21:31:43.014Z INFO  - 70b2d1c62102 Downloading 21MB / 45MB
2025-08-18T21:31:43.014Z INFO  - b5ee41dce4d1 Downloading 23MB / 67MB
2025-08-18T21:31:43.014Z INFO  - b49b2c83cf45 Downloading 23MB / 35MB
2025-08-18T21:31:43.155Z INFO  - c19952135643 Downloading 25MB / 46MB
2025-08-18T21:31:43.155Z INFO  - 70b2d1c62102 Downloading 22MB / 45MB
2025-08-18T21:31:43.183Z INFO  - 81114daeece3 Downloading 29MB / 46MB
2025-08-18T21:31:43.641Z INFO  - c19952135643 Downloading 26MB / 46MB
2025-08-18T21:31:43.641Z INFO  - b49b2c83cf45 Downloading 24MB / 35MB
2025-08-18T21:31:43.642Z INFO  - 81114daeece3 Downloading 30MB / 46MB
2025-08-18T21:31:43.643Z INFO  - b5ee41dce4d1 Downloading 25MB / 67MB
2025-08-18T21:31:43.651Z INFO  - b49b2c83cf45 Downloading 25MB / 35MB
2025-08-18T21:31:43.721Z INFO  - c19952135643 Downloading 27MB / 46MB
2025-08-18T21:31:43.771Z INFO  - 70b2d1c62102 Downloading 24MB / 45MB
2025-08-18T21:31:43.821Z INFO  - b49b2c83cf45 Downloading 26MB / 35MB
2025-08-18T21:31:43.961Z INFO  - b5ee41dce4d1 Downloading 26MB / 67MB
2025-08-18T21:31:43.962Z INFO  - 81114daeece3 Downloading 30MB / 46MB
2025-08-18T21:31:43.963Z INFO  - c19952135643 Downloading 28MB / 46MB
2025-08-18T21:31:44.074Z INFO  - b49b2c83cf45 Downloading 27MB / 35MB
2025-08-18T21:31:44.074Z INFO  - c19952135643 Downloading 29MB / 46MB
2025-08-18T21:31:44.164Z INFO  - b5ee41dce4d1 Downloading 27MB / 67MB
2025-08-18T21:31:44.165Z INFO  - 70b2d1c62102 Downloading 25MB / 45MB
2025-08-18T21:31:44.383Z INFO  - 81114daeece3 Downloading 32MB / 46MB
2025-08-18T21:31:44.433Z INFO  - b49b2c83cf45 Downloading 29MB / 35MB
2025-08-18T21:31:44.574Z INFO  - 81114daeece3 Downloading 33MB / 46MB
2025-08-18T21:31:44.575Z INFO  - b5ee41dce4d1 Downloading 28MB / 67MB
2025-08-18T21:31:44.604Z INFO  - c19952135643 Downloading 30MB / 46MB
2025-08-18T21:31:45.663Z INFO  - 70b2d1c62102 Downloading 27MB / 45MB
2025-08-18T21:31:45.663Z INFO  - c19952135643 Downloading 31MB / 46MB
2025-08-18T21:31:45.663Z INFO  - 70b2d1c62102 Downloading 28MB / 45MB
2025-08-18T21:31:45.663Z INFO  - 81114daeece3 Downloading 34MB / 46MB
2025-08-18T21:31:45.663Z INFO  - b49b2c83cf45 Downloading 31MB / 35MB
2025-08-18T21:31:45.663Z INFO  - 70b2d1c62102 Downloading 29MB / 45MB
2025-08-18T21:31:45.663Z INFO  - c19952135643 Downloading 32MB / 46MB
2025-08-18T21:31:45.663Z INFO  - b49b2c83cf45 Downloading 32MB / 35MB
2025-08-18T21:31:45.663Z INFO  - 81114daeece3 Downloading 35MB / 46MB
2025-08-18T21:31:45.663Z INFO  - b5ee41dce4d1 Downloading 31MB / 67MB
2025-08-18T21:31:45.663Z INFO  - 81114daeece3 Downloading 36MB / 46MB
2025-08-18T21:31:45.663Z INFO  - c19952135643 Downloading 33MB / 46MB
2025-08-18T21:31:45.663Z INFO  - b49b2c83cf45 Downloading 34MB / 35MB
2025-08-18T21:31:45.683Z INFO  - b5ee41dce4d1 Downloading 32MB / 67MB
2025-08-18T21:31:45.793Z INFO  - 70b2d1c62102 Downloading 30MB / 45MB
2025-08-18T21:31:45.875Z INFO  - c19952135643 Downloading 35MB / 46MB
2025-08-18T21:31:45.875Z INFO  - b49b2c83cf45 Verifying Checksum
2025-08-18T21:31:45.875Z INFO  - b49b2c83cf45 Download complete
2025-08-18T21:31:45.985Z INFO  - b5ee41dce4d1 Downloading 34MB / 67MB
2025-08-18T21:31:46.065Z INFO  - c19952135643 Downloading 36MB / 46MB
2025-08-18T21:31:46.186Z INFO  - 81114daeece3 Downloading 38MB / 46MB
2025-08-18T21:31:46.187Z INFO  - c19952135643 Downloading 37MB / 46MB
2025-08-18T21:31:46.227Z INFO  - 70b2d1c62102 Downloading 33MB / 45MB
2025-08-18T21:31:46.366Z INFO  - 70b2d1c62102 Downloading 34MB / 45MB
2025-08-18T21:31:46.449Z INFO  - 81114daeece3 Downloading 40MB / 46MB
2025-08-18T21:31:46.637Z INFO  - c19952135643 Downloading 38MB / 46MB
2025-08-18T21:31:46.638Z INFO  - 70b2d1c62102 Downloading 35MB / 45MB
2025-08-18T21:31:46.667Z INFO  - b5ee41dce4d1 Downloading 36MB / 67MB
2025-08-18T21:31:46.767Z INFO  - 81114daeece3 Downloading 41MB / 46MB
2025-08-18T21:31:46.888Z INFO  - 70b2d1c62102 Downloading 37MB / 45MB
2025-08-18T21:31:47.067Z INFO  - b5ee41dce4d1 Downloading 37MB / 67MB
2025-08-18T21:31:47.118Z INFO  - c19952135643 Downloading 40MB / 46MB
2025-08-18T21:31:47.119Z INFO  - 70b2d1c62102 Downloading 38MB / 45MB
2025-08-18T21:31:47.127Z INFO  - 81114daeece3 Downloading 43MB / 46MB
2025-08-18T21:31:47.448Z INFO  - 81114daeece3 Downloading 44MB / 46MB
2025-08-18T21:31:47.448Z INFO  - b5ee41dce4d1 Downloading 38MB / 67MB
2025-08-18T21:31:47.449Z INFO  - c19952135643 Downloading 41MB / 46MB
2025-08-18T21:31:47.449Z INFO  - 70b2d1c62102 Downloading 38MB / 45MB
2025-08-18T21:31:47.620Z INFO  - b5ee41dce4d1 Downloading 39MB / 67MB
2025-08-18T21:31:47.621Z INFO  - 70b2d1c62102 Downloading 39MB / 45MB
2025-08-18T21:31:47.791Z INFO  - c19952135643 Downloading 42MB / 46MB
2025-08-18T21:31:47.831Z INFO  - b5ee41dce4d1 Downloading 39MB / 67MB
2025-08-18T21:31:47.831Z INFO  - b5ee41dce4d1 Downloading 40MB / 67MB
2025-08-18T21:31:48.111Z INFO  - c19952135643 Downloading 44MB / 46MB
2025-08-18T21:31:48.112Z INFO  - 81114daeece3 Verifying Checksum
2025-08-18T21:31:48.113Z INFO  - 81114daeece3 Download complete
2025-08-18T21:31:48.232Z INFO  - c19952135643 Downloading 45MB / 46MB
2025-08-18T21:31:48.311Z INFO  - b5ee41dce4d1 Downloading 42MB / 67MB
2025-08-18T21:31:48.311Z INFO  - 70b2d1c62102 Downloading 42MB / 45MB
2025-08-18T21:31:48.391Z INFO  - c19952135643 Verifying Checksum
2025-08-18T21:31:48.391Z INFO  - c19952135643 Download complete
2025-08-18T21:31:48.504Z INFO  - b5ee41dce4d1 Downloading 43MB / 67MB
2025-08-18T21:31:48.504Z INFO  - 70b2d1c62102 Downloading 43MB / 45MB
2025-08-18T21:31:48.836Z INFO  - 70b2d1c62102 Downloading 44MB / 45MB
2025-08-18T21:31:48.873Z INFO  - 70b2d1c62102 Verifying Checksum
2025-08-18T21:31:48.873Z INFO  - 70b2d1c62102 Download complete
2025-08-18T21:31:49.517Z INFO  - b5ee41dce4d1 Downloading 47MB / 67MB
2025-08-18T21:31:49.673Z INFO  - b5ee41dce4d1 Downloading 50MB / 67MB
2025-08-18T21:31:50.424Z INFO  - b5ee41dce4d1 Downloading 57MB / 67MB
2025-08-18T21:31:50.425Z INFO  - c19952135643 Extracting 960KB / 46MB
2025-08-18T21:31:50.725Z INFO  - c19952135643 Extracting 1MB / 46MB
2025-08-18T21:31:50.955Z INFO  - c19952135643 Extracting 2MB / 46MB
2025-08-18T21:31:51.117Z INFO  - b5ee41dce4d1 Downloading 60MB / 67MB
2025-08-18T21:31:51.267Z INFO  - b5ee41dce4d1 Downloading 61MB / 67MB
2025-08-18T21:31:51.447Z INFO  - b5ee41dce4d1 Downloading 62MB / 67MB
2025-08-18T21:31:51.908Z INFO  - c19952135643 Extracting 3MB / 46MB
2025-08-18T21:31:52.050Z INFO  - b5ee41dce4d1 Downloading 64MB / 67MB
2025-08-18T21:31:52.271Z INFO  - b5ee41dce4d1 Downloading 66MB / 67MB
2025-08-18T21:31:52.431Z INFO  - b5ee41dce4d1 Downloading 67MB / 67MB
2025-08-18T21:31:52.431Z INFO  - c19952135643 Extracting 4MB / 46MB
2025-08-18T21:31:52.431Z INFO  - b5ee41dce4d1 Verifying Checksum
2025-08-18T21:31:52.431Z INFO  - b5ee41dce4d1 Download complete
2025-08-18T21:31:52.835Z INFO  - c19952135643 Extracting 6MB / 46MB
2025-08-18T21:31:54.711Z INFO  - c19952135643 Extracting 9MB / 46MB
2025-08-18T21:31:54.803Z INFO  - c19952135643 Extracting 10MB / 46MB
2025-08-18T21:31:54.975Z INFO  - c19952135643 Extracting 11MB / 46MB
2025-08-18T21:31:55.224Z INFO  - c19952135643 Extracting 12MB / 46MB
2025-08-18T21:31:55.777Z INFO  - c19952135643 Extracting 13MB / 46MB
2025-08-18T21:31:56.370Z INFO  - c19952135643 Extracting 14MB / 46MB
2025-08-18T21:31:56.964Z INFO  - c19952135643 Extracting 16MB / 46MB
2025-08-18T21:31:57.224Z INFO  - c19952135643 Extracting 18MB / 46MB
2025-08-18T21:31:57.656Z INFO  - c19952135643 Extracting 19MB / 46MB
2025-08-18T21:31:57.929Z INFO  - c19952135643 Extracting 20MB / 46MB
2025-08-18T21:31:58.290Z INFO  - c19952135643 Extracting 21MB / 46MB
2025-08-18T21:31:58.960Z INFO  - c19952135643 Extracting 22MB / 46MB
2025-08-18T21:32:00.956Z INFO  - c19952135643 Extracting 25MB / 46MB
2025-08-18T21:32:01.940Z INFO  - c19952135643 Extracting 29MB / 46MB
2025-08-18T21:32:02.775Z INFO  - c19952135643 Extracting 30MB / 46MB
2025-08-18T21:32:02.815Z INFO  - c19952135643 Extracting 30MB / 46MB
2025-08-18T21:32:03.586Z INFO  - c19952135643 Extracting 31MB / 46MB
2025-08-18T21:32:03.728Z INFO  - c19952135643 Extracting 32MB / 46MB
2025-08-18T21:32:04.778Z INFO  - c19952135643 Extracting 33MB / 46MB
2025-08-18T21:32:05.935Z INFO  - c19952135643 Extracting 36MB / 46MB
2025-08-18T21:32:06.429Z INFO  - c19952135643 Extracting 37MB / 46MB
2025-08-18T21:32:07.181Z INFO  - c19952135643 Extracting 37MB / 46MB
2025-08-18T21:32:08.186Z INFO  - c19952135643 Extracting 38MB / 46MB
2025-08-18T21:32:09.300Z INFO  - c19952135643 Extracting 39MB / 46MB
2025-08-18T21:32:10.012Z INFO  - c19952135643 Extracting 42MB / 46MB
2025-08-18T21:32:10.605Z INFO  - c19952135643 Extracting 43MB / 46MB
2025-08-18T21:32:11.597Z INFO  - c19952135643 Extracting 44MB / 46MB
2025-08-18T21:32:15.294Z INFO  - c19952135643 Extracting 46MB / 46MB
2025-08-18T21:32:15.866Z INFO  - c19952135643 Pull complete
2025-08-18T21:32:16.509Z INFO  - b49b2c83cf45 Extracting 768KB / 35MB
2025-08-18T21:32:17.467Z INFO  - b49b2c83cf45 Extracting 3MB / 35MB
2025-08-18T21:32:17.850Z INFO  - b49b2c83cf45 Extracting 3MB / 35MB
2025-08-18T21:32:18.747Z INFO  - b49b2c83cf45 Extracting 6MB / 35MB
2025-08-18T21:32:19.207Z INFO  - b49b2c83cf45 Extracting 7MB / 35MB
2025-08-18T21:32:19.530Z INFO  - b49b2c83cf45 Extracting 8MB / 35MB
2025-08-18T21:32:20.035Z INFO  - b49b2c83cf45 Extracting 10MB / 35MB
2025-08-18T21:32:20.946Z INFO  - b49b2c83cf45 Extracting 15MB / 35MB
2025-08-18T21:32:20.947Z INFO  - b49b2c83cf45 Extracting 15MB / 35MB
2025-08-18T21:32:21.453Z INFO  - b49b2c83cf45 Extracting 17MB / 35MB
2025-08-18T21:32:21.763Z INFO  - b49b2c83cf45 Extracting 18MB / 35MB
2025-08-18T21:32:22.498Z INFO  - b49b2c83cf45 Extracting 19MB / 35MB
2025-08-18T21:32:23.433Z INFO  - b49b2c83cf45 Extracting 19MB / 35MB
2025-08-18T21:32:24.357Z INFO  - b49b2c83cf45 Extracting 20MB / 35MB
2025-08-18T21:32:24.670Z INFO  - b49b2c83cf45 Extracting 22MB / 35MB
2025-08-18T21:32:25.550Z INFO  - b49b2c83cf45 Extracting 26MB / 35MB
2025-08-18T21:32:25.919Z INFO  - b49b2c83cf45 Extracting 27MB / 35MB
2025-08-18T21:32:26.152Z INFO  - b49b2c83cf45 Extracting 29MB / 35MB
2025-08-18T21:32:26.612Z INFO  - b49b2c83cf45 Extracting 31MB / 35MB
2025-08-18T21:32:26.612Z INFO  - b49b2c83cf45 Extracting 31MB / 35MB
2025-08-18T21:32:27.095Z INFO  - b49b2c83cf45 Extracting 32MB / 35MB
2025-08-18T21:32:27.115Z INFO  - b49b2c83cf45 Extracting 33MB / 35MB
2025-08-18T21:32:27.515Z INFO  - b49b2c83cf45 Extracting 34MB / 35MB
2025-08-18T21:32:28.229Z INFO  - b49b2c83cf45 Extracting 35MB / 35MB
2025-08-18T21:32:28.685Z INFO  - b49b2c83cf45 Pull complete
2025-08-18T21:32:29.225Z INFO  - a7350ec49683 Extracting 1MB / 3MB
2025-08-18T21:32:29.854Z INFO  - a7350ec49683 Extracting 2MB / 3MB
2025-08-18T21:32:30.025Z INFO  - a7350ec49683 Extracting 2MB / 3MB
2025-08-18T21:32:30.335Z INFO  - a7350ec49683 Extracting 3MB / 3MB
2025-08-18T21:32:30.636Z INFO  - a7350ec49683 Extracting 3MB / 3MB
2025-08-18T21:32:30.678Z INFO  - a7350ec49683 Pull complete
2025-08-18T21:32:31.642Z INFO  - ca64976d1f75 Extracting 387B / 387B
2025-08-18T21:32:31.642Z INFO  - ca64976d1f75 Extracting 387B / 387B
2025-08-18T21:32:31.642Z INFO  - ca64976d1f75 Pull complete
2025-08-18T21:32:31.642Z INFO  - 9c231cb2d468 Extracting 32KB / 1MB
2025-08-18T21:32:31.642Z INFO  - 9c231cb2d468 Extracting 1MB / 1MB
2025-08-18T21:32:31.642Z INFO  - 9c231cb2d468 Extracting 1MB / 1MB
2025-08-18T21:32:31.642Z INFO  - 9c231cb2d468 Pull complete
2025-08-18T21:32:31.654Z INFO  - 6d5ed858bc79 Extracting 32KB / 39KB
2025-08-18T21:32:32.035Z INFO  - 6d5ed858bc79 Extracting 39KB / 39KB
2025-08-18T21:32:32.115Z INFO  - 6d5ed858bc79 Pull complete
2025-08-18T21:32:32.127Z INFO  - b147e1d819b6 Extracting 10KB / 10KB
2025-08-18T21:32:32.185Z INFO  - b147e1d819b6 Extracting 10KB / 10KB
2025-08-18T21:32:32.236Z INFO  - b147e1d819b6 Pull complete
2025-08-18T21:32:32.247Z INFO  - bddeee446dea Extracting 14KB / 14KB
2025-08-18T21:32:32.288Z INFO  - bddeee446dea Extracting 14KB / 14KB
2025-08-18T21:32:32.336Z INFO  - bddeee446dea Pull complete
2025-08-18T21:32:32.738Z INFO  - 3bba0ee51794 Extracting 281KB / 281KB
2025-08-18T21:32:32.817Z INFO  - 3bba0ee51794 Pull complete
2025-08-18T21:32:32.829Z INFO  - 5b5c68b4e022 Extracting 10KB / 10KB
2025-08-18T21:32:32.940Z INFO  - 5b5c68b4e022 Extracting 10KB / 10KB
2025-08-18T21:32:33.029Z INFO  - 5b5c68b4e022 Pull complete
2025-08-18T21:32:33.041Z INFO  - 589fad460b75 Extracting 32KB / 1MB
2025-08-18T21:32:33.150Z INFO  - 589fad460b75 Extracting 544KB / 1MB
2025-08-18T21:32:33.258Z INFO  - 589fad460b75 Extracting 1MB / 1MB
2025-08-18T21:32:33.310Z INFO  - 589fad460b75 Extracting 1MB / 1MB
2025-08-18T21:32:33.398Z INFO  - 589fad460b75 Pull complete
2025-08-18T21:32:33.398Z INFO  - a4ac82e1650a Extracting 32KB / 1MB
2025-08-18T21:32:33.991Z INFO  - a4ac82e1650a Extracting 416KB / 1MB
2025-08-18T21:32:34.565Z INFO  - a4ac82e1650a Extracting 1MB / 1MB
2025-08-18T21:32:34.694Z INFO  - a4ac82e1650a Pull complete
2025-08-18T21:32:34.706Z INFO  - 6e652537f0de Extracting 3KB / 3KB
2025-08-18T21:32:34.766Z INFO  - 6e652537f0de Extracting 3KB / 3KB
2025-08-18T21:32:34.816Z INFO  - 6e652537f0de Pull complete
2025-08-18T21:32:34.844Z INFO  - 4f4fb700ef54 Extracting 32B / 32B
2025-08-18T21:32:34.864Z INFO  - 4f4fb700ef54 Extracting 32B / 32B
2025-08-18T21:32:34.904Z INFO  - 4f4fb700ef54 Pull complete
2025-08-18T21:32:35.559Z INFO  - 70b2d1c62102 Extracting 8MB / 45MB
2025-08-18T21:32:35.998Z INFO  - 70b2d1c62102 Extracting 12MB / 45MB
2025-08-18T21:32:36.286Z INFO  - 70b2d1c62102 Extracting 17MB / 45MB
2025-08-18T21:32:36.568Z INFO  - 70b2d1c62102 Extracting 20MB / 45MB
2025-08-18T21:32:37.252Z INFO  - 70b2d1c62102 Extracting 22MB / 45MB
2025-08-18T21:32:37.965Z INFO  - 70b2d1c62102 Extracting 29MB / 45MB
2025-08-18T21:32:37.966Z INFO  - 70b2d1c62102 Extracting 30MB / 45MB
2025-08-18T21:32:38.087Z INFO  - 70b2d1c62102 Extracting 30MB / 45MB
2025-08-18T21:32:38.930Z INFO  - 70b2d1c62102 Extracting 31MB / 45MB
2025-08-18T21:32:39.324Z INFO  - 70b2d1c62102 Extracting 35MB / 45MB
2025-08-18T21:32:39.473Z INFO  - 70b2d1c62102 Extracting 36MB / 45MB
2025-08-18T21:32:39.635Z INFO  - 70b2d1c62102 Extracting 37MB / 45MB
2025-08-18T21:32:39.976Z INFO  - 70b2d1c62102 Extracting 39MB / 45MB
2025-08-18T21:32:40.759Z INFO  - 70b2d1c62102 Extracting 43MB / 45MB
2025-08-18T21:32:40.760Z INFO  - 70b2d1c62102 Extracting 44MB / 45MB
2025-08-18T21:32:40.880Z INFO  - 70b2d1c62102 Extracting 45MB / 45MB
2025-08-18T21:32:41.070Z INFO  - 70b2d1c62102 Pull complete
2025-08-18T21:32:41.706Z INFO  - 81114daeece3 Extracting 960KB / 46MB
2025-08-18T21:32:43.764Z INFO  - 81114daeece3 Extracting 4MB / 46MB
2025-08-18T21:32:44.397Z INFO  - 81114daeece3 Extracting 5MB / 46MB
2025-08-18T21:32:44.767Z INFO  - 81114daeece3 Extracting 6MB / 46MB
2025-08-18T21:32:45.791Z INFO  - 81114daeece3 Extracting 9MB / 46MB
2025-08-18T21:32:46.254Z INFO  - 81114daeece3 Extracting 10MB / 46MB
2025-08-18T21:32:46.492Z INFO  - 81114daeece3 Extracting 11MB / 46MB
2025-08-18T21:32:46.881Z INFO  - 81114daeece3 Extracting 12MB / 46MB
2025-08-18T21:32:48.511Z INFO  - 81114daeece3 Extracting 15MB / 46MB
2025-08-18T21:32:49.547Z INFO  - 81114daeece3 Extracting 15MB / 46MB
2025-08-18T21:32:50.982Z INFO  - 81114daeece3 Extracting 19MB / 46MB
2025-08-18T21:32:51.454Z INFO  - 81114daeece3 Extracting 20MB / 46MB
2025-08-18T21:32:52.099Z INFO  - 81114daeece3 Extracting 21MB / 46MB
2025-08-18T21:32:53.219Z INFO  - 81114daeece3 Extracting 22MB / 46MB
2025-08-18T21:32:54.012Z INFO  - 81114daeece3 Extracting 23MB / 46MB
2025-08-18T21:32:54.625Z INFO  - 81114daeece3 Extracting 24MB / 46MB
2025-08-18T21:32:55.249Z INFO  - 81114daeece3 Extracting 25MB / 46MB
2025-08-18T21:32:56.667Z INFO  - 81114daeece3 Extracting 29MB / 46MB
2025-08-18T21:32:56.916Z INFO  - 81114daeece3 Extracting 30MB / 46MB
2025-08-18T21:32:57.039Z INFO  - 81114daeece3 Extracting 31MB / 46MB
2025-08-18T21:32:57.199Z INFO  - 81114daeece3 Extracting 32MB / 46MB
2025-08-18T21:32:57.670Z INFO  - 81114daeece3 Extracting 33MB / 46MB
2025-08-18T21:32:59.963Z INFO  - 81114daeece3 Extracting 35MB / 46MB
2025-08-18T21:33:00.956Z INFO  - 81114daeece3 Extracting 36MB / 46MB
2025-08-18T21:33:01.660Z INFO  - 81114daeece3 Extracting 37MB / 46MB
2025-08-18T21:33:02.492Z INFO  - 81114daeece3 Extracting 38MB / 46MB
2025-08-18T21:33:04.656Z INFO  - 81114daeece3 Extracting 39MB / 46MB
2025-08-18T21:33:05.209Z INFO  - 81114daeece3 Extracting 40MB / 46MB
2025-08-18T21:33:06.196Z INFO  - 81114daeece3 Extracting 41MB / 46MB
2025-08-18T21:33:07.640Z INFO  - 81114daeece3 Extracting 42MB / 46MB
2025-08-18T21:33:07.949Z INFO  - 81114daeece3 Extracting 43MB / 46MB
2025-08-18T21:33:11.189Z INFO  - 81114daeece3 Extracting 45MB / 46MB
2025-08-18T21:33:12.345Z INFO  - 81114daeece3 Extracting 45MB / 46MB
2025-08-18T21:33:13.716Z INFO  - 81114daeece3 Extracting 46MB / 46MB
2025-08-18T21:33:14.099Z INFO  - 81114daeece3 Pull complete
2025-08-18T21:33:15.207Z INFO  - 72560126db61 Extracting 4MB / 11MB
2025-08-18T21:33:15.679Z INFO  - 72560126db61 Extracting 5MB / 11MB
2025-08-18T21:33:15.800Z INFO  - 72560126db61 Extracting 6MB / 11MB
2025-08-18T21:33:15.800Z INFO  - 72560126db61 Extracting 6MB / 11MB
2025-08-18T21:33:16.323Z INFO  - 72560126db61 Extracting 7MB / 11MB
2025-08-18T21:33:16.827Z INFO  - 72560126db61 Extracting 8MB / 11MB
2025-08-18T21:33:17.488Z INFO  - 72560126db61 Extracting 8MB / 11MB
2025-08-18T21:33:18.152Z INFO  - 72560126db61 Extracting 9MB / 11MB
2025-08-18T21:33:18.454Z INFO  - 72560126db61 Extracting 10MB / 11MB
2025-08-18T21:33:18.996Z INFO  - 72560126db61 Extracting 10MB / 11MB
2025-08-18T21:33:20.677Z INFO  - 72560126db61 Extracting 10MB / 11MB
2025-08-18T21:33:20.677Z INFO  - 72560126db61 Extracting 10MB / 11MB
2025-08-18T21:33:20.677Z INFO  - 72560126db61 Extracting 11MB / 11MB
2025-08-18T21:33:20.938Z INFO  - 72560126db61 Pull complete
2025-08-18T21:33:21.553Z INFO  - b4ee02498c51 Extracting 1MB / 16MB
2025-08-18T21:33:22.045Z INFO  - b4ee02498c51 Extracting 3MB / 16MB
2025-08-18T21:33:22.255Z INFO  - b4ee02498c51 Extracting 3MB / 16MB
2025-08-18T21:33:22.256Z INFO  - b4ee02498c51 Extracting 4MB / 16MB
2025-08-18T21:33:22.277Z INFO  - b4ee02498c51 Extracting 4MB / 16MB
2025-08-18T21:33:22.388Z INFO  - b4ee02498c51 Extracting 5MB / 16MB
2025-08-18T21:33:22.546Z INFO  - b4ee02498c51 Extracting 5MB / 16MB
2025-08-18T21:33:23.844Z INFO  - b4ee02498c51 Extracting 7MB / 16MB
2025-08-18T21:33:25.298Z INFO  - b4ee02498c51 Extracting 9MB / 16MB
2025-08-18T21:33:25.839Z INFO  - b4ee02498c51 Extracting 9MB / 16MB
2025-08-18T21:33:26.224Z INFO  - b4ee02498c51 Extracting 9MB / 16MB
2025-08-18T21:33:26.922Z INFO  - b4ee02498c51 Extracting 10MB / 16MB
2025-08-18T21:33:27.184Z INFO  - b4ee02498c51 Extracting 10MB / 16MB
2025-08-18T21:33:28.189Z INFO  - b4ee02498c51 Extracting 11MB / 16MB
2025-08-18T21:33:29.073Z INFO  - b4ee02498c51 Extracting 11MB / 16MB
2025-08-18T21:33:29.837Z INFO  - b4ee02498c51 Extracting 11MB / 16MB
2025-08-18T21:33:31.595Z INFO  - b4ee02498c51 Extracting 13MB / 16MB
2025-08-18T21:33:33.040Z INFO  - b4ee02498c51 Extracting 14MB / 16MB
2025-08-18T21:33:33.693Z INFO  - b4ee02498c51 Extracting 14MB / 16MB
2025-08-18T21:33:34.226Z INFO  - b4ee02498c51 Extracting 14MB / 16MB
2025-08-18T21:33:35.353Z INFO  - b4ee02498c51 Extracting 15MB / 16MB
2025-08-18T21:33:35.836Z INFO  - b4ee02498c51 Extracting 15MB / 16MB
2025-08-18T21:33:36.409Z INFO  - b4ee02498c51 Extracting 15MB / 16MB
2025-08-18T21:33:36.659Z INFO  - b4ee02498c51 Extracting 16MB / 16MB
2025-08-18T21:33:37.000Z INFO  - b4ee02498c51 Pull complete
2025-08-18T21:33:37.003Z INFO  - 9f7642f5d897 Extracting 126B / 126B
2025-08-18T21:33:37.014Z INFO  - 9f7642f5d897 Extracting 126B / 126B
2025-08-18T21:33:37.023Z INFO  - 9f7642f5d897 Pull complete
2025-08-18T21:33:38.105Z INFO  - 064a93d404d8 Extracting 5MB / 5MB
2025-08-18T21:33:38.124Z INFO  - 064a93d404d8 Pull complete
2025-08-18T21:33:38.147Z INFO  - 9078bcfaabdd Extracting 948B / 948B
2025-08-18T21:33:38.155Z INFO  - 9078bcfaabdd Extracting 948B / 948B
2025-08-18T21:33:38.176Z INFO  - 9078bcfaabdd Pull complete
2025-08-18T21:33:38.187Z INFO  - 8367cb93fd79 Extracting 1KB / 1KB
2025-08-18T21:33:38.216Z INFO  - 8367cb93fd79 Extracting 1KB / 1KB
2025-08-18T21:33:38.245Z INFO  - 8367cb93fd79 Pull complete
2025-08-18T21:33:38.253Z INFO  - 432802c32c40 Extracting 139B / 139B
2025-08-18T21:33:38.294Z INFO  - 432802c32c40 Extracting 139B / 139B
2025-08-18T21:33:38.315Z INFO  - 432802c32c40 Pull complete
2025-08-18T21:33:38.727Z INFO  - b5ee41dce4d1 Extracting 544KB / 67MB
2025-08-18T21:33:39.010Z INFO  - b5ee41dce4d1 Extracting 1MB / 67MB
2025-08-18T21:33:39.939Z INFO  - b5ee41dce4d1 Extracting 3MB / 67MB
2025-08-18T21:33:40.151Z INFO  - b5ee41dce4d1 Extracting 5MB / 67MB
2025-08-18T21:33:40.540Z INFO  - b5ee41dce4d1 Extracting 6MB / 67MB
2025-08-18T21:33:41.142Z INFO  - b5ee41dce4d1 Extracting 8MB / 67MB
2025-08-18T21:33:41.595Z INFO  - b5ee41dce4d1 Extracting 9MB / 67MB
2025-08-18T21:33:42.478Z INFO  - b5ee41dce4d1 Extracting 12MB / 67MB
2025-08-18T21:33:43.179Z INFO  - b5ee41dce4d1 Extracting 14MB / 67MB
2025-08-18T21:33:43.429Z INFO  - b5ee41dce4d1 Extracting 15MB / 67MB
2025-08-18T21:33:44.092Z INFO  - b5ee41dce4d1 Extracting 16MB / 67MB
2025-08-18T21:33:44.977Z INFO  - b5ee41dce4d1 Extracting 19MB / 67MB
2025-08-18T21:33:45.876Z INFO  - b5ee41dce4d1 Extracting 23MB / 67MB
2025-08-18T21:33:46.184Z INFO  - b5ee41dce4d1 Extracting 24MB / 67MB
2025-08-18T21:33:46.435Z INFO  - b5ee41dce4d1 Extracting 26MB / 67MB
2025-08-18T21:33:46.747Z INFO  - b5ee41dce4d1 Extracting 27MB / 67MB
2025-08-18T21:33:46.827Z INFO  - b5ee41dce4d1 Extracting 28MB / 67MB
2025-08-18T21:33:47.571Z INFO  - b5ee41dce4d1 Extracting 32MB / 67MB
2025-08-18T21:33:47.699Z INFO  - b5ee41dce4d1 Extracting 34MB / 67MB
2025-08-18T21:33:48.051Z INFO  - b5ee41dce4d1 Extracting 35MB / 67MB
2025-08-18T21:33:49.640Z INFO  - b5ee41dce4d1 Extracting 42MB / 67MB
2025-08-18T21:33:50.102Z INFO  - b5ee41dce4d1 Extracting 44MB / 67MB
2025-08-18T21:33:50.734Z INFO  - b5ee41dce4d1 Extracting 46MB / 67MB
2025-08-18T21:33:50.893Z INFO  - b5ee41dce4d1 Extracting 47MB / 67MB
2025-08-18T21:33:52.272Z INFO  - b5ee41dce4d1 Extracting 53MB / 67MB
2025-08-18T21:33:52.846Z INFO  - b5ee41dce4d1 Extracting 60MB / 67MB
2025-08-18T21:33:52.949Z INFO  - b5ee41dce4d1 Extracting 61MB / 67MB
2025-08-18T21:33:53.746Z INFO  - b5ee41dce4d1 Extracting 66MB / 67MB
2025-08-18T21:33:54.077Z INFO  - b5ee41dce4d1 Extracting 67MB / 67MB
2025-08-18T21:33:54.235Z INFO  - b5ee41dce4d1 Pull complete
2025-08-18T21:33:54.243Z INFO  - 299358e274fc Extracting 1KB / 1KB
2025-08-18T21:33:54.254Z INFO  - 299358e274fc Extracting 1KB / 1KB
2025-08-18T21:33:54.279Z INFO  - 299358e274fc Pull complete
2025-08-18T21:33:54.281Z INFO  - a0f687a8a43e Extracting 1KB / 1KB
2025-08-18T21:33:54.285Z INFO  - a0f687a8a43e Extracting 1KB / 1KB
2025-08-18T21:33:54.305Z INFO  - a0f687a8a43e Pull complete
2025-08-18T21:33:54.313Z INFO  - f6668cf6fc4f Extracting 3KB / 3KB
2025-08-18T21:33:54.353Z INFO  - f6668cf6fc4f Extracting 3KB / 3KB
2025-08-18T21:33:54.414Z INFO  - f6668cf6fc4f Pull complete
2025-08-18T21:33:54.422Z INFO  - cab9518eb753 Extracting 151B / 151B
2025-08-18T21:33:54.434Z INFO  - cab9518eb753 Extracting 151B / 151B
2025-08-18T21:33:54.470Z INFO  - cab9518eb753 Pull complete
2025-08-18T21:33:54.475Z INFO  - f9717d513d08 Extracting 13KB / 13KB
2025-08-18T21:33:54.486Z INFO  - f9717d513d08 Extracting 13KB / 13KB
2025-08-18T21:33:54.508Z INFO  - f9717d513d08 Pull complete
2025-08-18T21:33:54.510Z INFO  - 81d0cf6a6204 Extracting 1KB / 1KB
2025-08-18T21:33:54.518Z INFO  - 81d0cf6a6204 Extracting 1KB / 1KB
2025-08-18T21:33:54.585Z INFO  - 81d0cf6a6204 Pull complete
2025-08-18T21:33:54.591Z INFO  - e705a3b12771 Extracting 269B / 269B
2025-08-18T21:33:54.611Z INFO  - e705a3b12771 Extracting 269B / 269B
2025-08-18T21:33:54.636Z INFO  - e705a3b12771 Pull complete
2025-08-18T21:33:54.639Z INFO  - cdcdb6bbda74 Extracting 269B / 269B
2025-08-18T21:33:54.659Z INFO  - cdcdb6bbda74 Extracting 269B / 269B
2025-08-18T21:33:54.678Z INFO  - cdcdb6bbda74 Pull complete
2025-08-18T21:33:54.820Z INFO  - 3c56665f14df Extracting 124B / 124B
2025-08-18T21:33:54.862Z INFO  - 3c56665f14df Extracting 124B / 124B
2025-08-18T21:33:54.883Z INFO  - 3c56665f14df Pull complete
2025-08-18T21:33:54.890Z INFO  - 6076b5261919 Extracting 416B / 416B
2025-08-18T21:33:54.894Z INFO  - 6076b5261919 Extracting 416B / 416B
2025-08-18T21:33:54.904Z INFO  - 6076b5261919 Pull complete
2025-08-18T21:33:54.910Z INFO  - cfb2442eec7a Extracting 1KB / 1KB
2025-08-18T21:33:54.913Z INFO  - cfb2442eec7a Extracting 1KB / 1KB
2025-08-18T21:33:54.940Z INFO  - cfb2442eec7a Pull complete
2025-08-18T21:33:55.537Z INFO  - c7bf2b05e76c Extracting 608KB / 1MB
2025-08-18T21:33:55.676Z INFO  - c7bf2b05e76c Extracting 1MB / 1MB
2025-08-18T21:33:55.715Z INFO  - c7bf2b05e76c Pull complete
2025-08-18T21:33:55.720Z INFO  - 9e40ee8f5c7c Extracting 133B / 133B
2025-08-18T21:33:55.727Z INFO  - 9e40ee8f5c7c Extracting 133B / 133B
2025-08-18T21:33:55.739Z INFO  - 9e40ee8f5c7c Pull complete
2025-08-18T21:33:55.752Z INFO  -  Digest: sha256:090c03b4259823f8be151de295b9ef30aeea81cc540a9908f9a57cbe5e893095
2025-08-18T21:33:55.756Z INFO  -  Status: Downloaded newer image for mcr.microsoft.com/appsvc/node:20-lts_20250724.2.tuxprod
2025-08-18T21:33:55.809Z INFO  - Pull Image successful, Time taken: 150 Seconds
2025-08-18T21:33:56.156Z INFO  - Starting container for site
2025-08-18T21:33:56.156Z INFO  - docker run -d --expose=8080 --name web-cybermat-prd_0_8c3c00f1 -e WEBSITE_USE_DIAGNOSTIC_SERVER=true -e WEBSITE_SITE_NAME=web-cybermat-prd -e WEBSITE_AUTH_ENABLED=False -e WEBSITE_ROLE_INSTANCE_ID=0 -e WEBSITE_HOSTNAME=web-cybermat-prd.azurewebsites.net -e WEBSITE_INSTANCE_ID=7d84ad198c6f807fbfa2076d1e286d2bb239ec2b3ab1f48a5008aac89bd50ca3 appsvc/node:20-lts_20250724.2.tuxprod 
2025-08-18T21:33:56.156Z INFO  - Logging is not enabled for this container.
Please use https://aka.ms/linux-diagnostics to enable logging to see container logs here.
2025-08-18T21:33:59.642Z INFO  - Initiating warmup request to container web-cybermat-prd_0_8c3c00f1_msiProxy for site web-cybermat-prd
2025-08-18T21:34:00.064Z INFO  - Container web-cybermat-prd_0_8c3c00f1_msiProxy for site web-cybermat-prd initialized successfully and is ready to serve requests.
2025-08-18T21:34:00.064Z INFO  - Initiating warmup request to container web-cybermat-prd_0_8c3c00f1 for site web-cybermat-prd
2025-08-18T21:34:18.255Z INFO  - Waiting for response to warmup request for container web-cybermat-prd_0_8c3c00f1. Elapsed time = 18.6442502 sec
2025-08-18T21:34:27.239Z ERROR - Container web-cybermat-prd_0_8c3c00f1 for site web-cybermat-prd has exited, failing site start
2025-08-18T21:34:27.271Z ERROR - Container web-cybermat-prd_0_8c3c00f1 didn't respond to HTTP pings on port: 8080. Failing site start. See container logs for debugging.
2025-08-18T21:34:27.598Z INFO  - Stopping site web-cybermat-prd because it failed during startup.
2025-08-18T21:34:54.245Z INFO  - Starting container for site
2025-08-18T21:34:54.246Z INFO  - docker run -d --expose=8080 --name web-cybermat-prd_0_0d11c221 -e WEBSITE_USE_DIAGNOSTIC_SERVER=true -e WEBSITE_SITE_NAME=web-cybermat-prd -e WEBSITE_AUTH_ENABLED=False -e WEBSITE_ROLE_INSTANCE_ID=0 -e WEBSITE_HOSTNAME=web-cybermat-prd.azurewebsites.net -e WEBSITE_INSTANCE_ID=7d84ad198c6f807fbfa2076d1e286d2bb239ec2b3ab1f48a5008aac89bd50ca3 appsvc/node:20-lts_20250724.2.tuxprod 
2025-08-18T21:34:54.247Z INFO  - Logging is not enabled for this container.
Please use https://aka.ms/linux-diagnostics to enable logging to see container logs here.
2025-08-18T21:34:57.540Z INFO  - Initiating warmup request to container web-cybermat-prd_0_0d11c221_msiProxy for site web-cybermat-prd
2025-08-18T21:34:57.630Z INFO  - Container web-cybermat-prd_0_0d11c221_msiProxy for site web-cybermat-prd initialized successfully and is ready to serve requests.
2025-08-18T21:34:57.631Z INFO  - Initiating warmup request to container web-cybermat-prd_0_0d11c221 for site web-cybermat-prd
2025-08-18T21:35:15.532Z INFO  - Waiting for response to warmup request for container web-cybermat-prd_0_0d11c221. Elapsed time = 17.9915737 sec
2025-08-18T21:35:26.486Z ERROR - Container web-cybermat-prd_0_0d11c221 for site web-cybermat-prd has exited, failing site start
2025-08-18T21:35:26.516Z ERROR - Container web-cybermat-prd_0_0d11c221 didn't respond to HTTP pings on port: 8080. Failing site start. See container logs for debugging.
2025-08-18T21:35:26.556Z INFO  - Stopping site web-cybermat-prd because it failed during startup.
2025-08-18T21:35:52.449Z INFO  - Starting container for site
2025-08-18T21:35:52.449Z INFO  - docker run -d --expose=8080 --name web-cybermat-prd_0_1920411b -e WEBSITE_USE_DIAGNOSTIC_SERVER=true -e WEBSITE_SITE_NAME=web-cybermat-prd -e WEBSITE_AUTH_ENABLED=False -e WEBSITE_ROLE_INSTANCE_ID=0 -e WEBSITE_HOSTNAME=web-cybermat-prd.azurewebsites.net -e WEBSITE_INSTANCE_ID=7d84ad198c6f807fbfa2076d1e286d2bb239ec2b3ab1f48a5008aac89bd50ca3 appsvc/node:20-lts_20250724.2.tuxprod 
2025-08-18T21:35:52.450Z INFO  - Logging is not enabled for this container.
Please use https://aka.ms/linux-diagnostics to enable logging to see container logs here.
2025-08-18T21:35:55.962Z INFO  - Initiating warmup request to container web-cybermat-prd_0_1920411b_msiProxy for site web-cybermat-prd
2025-08-18T21:35:56.184Z INFO  - Container web-cybermat-prd_0_1920411b_msiProxy for site web-cybermat-prd initialized successfully and is ready to serve requests.
2025-08-18T21:35:56.184Z INFO  - Initiating warmup request to container web-cybermat-prd_0_1920411b for site web-cybermat-prd
2025-08-18T21:36:13.537Z INFO  - Waiting for response to warmup request for container web-cybermat-prd_0_1920411b. Elapsed time = 17.5750929 sec
2025-08-18T21:36:14.909Z ERROR - Container web-cybermat-prd_0_1920411b for site web-cybermat-prd has exited, failing site start
2025-08-18T21:36:14.919Z ERROR - Container web-cybermat-prd_0_1920411b didn't respond to HTTP pings on port: 8080. Failing site start. See container logs for debugging.
2025-08-18T21:36:14.961Z INFO  - Stopping site web-cybermat-prd because it failed during startup.
2025-08-18T21:36:41.8319182Z Container start method called.
2025-08-18T21:36:41.8403737Z Establishing network.
2025-08-18T21:36:41.8411323Z Pulling image: appsvc/node:20-lts_20250724.2.tuxprod.
2025-08-18T21:36:53.6978076Z Container is starting.
2025-08-18T21:36:53.6981426Z Establishing user namespace if not established already.
2025-08-18T21:36:53.7064241Z Establishing network if not established already.
2025-08-18T21:36:53.7069955Z Mounting volumes.
2025-08-18T21:36:53.7076050Z Nested mountpoint 
2025-08-18T21:36:53.7375432Z Nested mountpoint volatile/logs
2025-08-18T21:36:53.7575134Z Nested mountpoint 
2025-08-18T21:36:53.7679052Z Nested mountpoint 
2025-08-18T21:36:53.7877602Z Nested mountpoint 
2025-08-18T21:36:55.0342737Z Creating container.
2025-08-18T21:36:55.0432797Z Creating pipes for streaming container io.
2025-08-18T21:36:55.0441394Z Creating stdout named pipe at /podr/container/pipe/d89ffc0388e7_web-cybermat-prd/stdout_19fb7b8f42ef48d89d1ee1fb1862b893.
2025-08-18T21:36:55.0448389Z Successfully created stdout named pipe at: /podr/container/pipe/d89ffc0388e7_web-cybermat-prd/stdout_19fb7b8f42ef48d89d1ee1fb1862b893.
2025-08-18T21:36:55.0533001Z Opening named pipe /podr/container/pipe/d89ffc0388e7_web-cybermat-prd/stdout_19fb7b8f42ef48d89d1ee1fb1862b893 for reading in non-blocking mode.
2025-08-18T21:36:55.0549288Z Successfully opened named pipe: /podr/container/pipe/d89ffc0388e7_web-cybermat-prd/stdout_19fb7b8f42ef48d89d1ee1fb1862b893.
2025-08-18T21:36:55.0630052Z Successfully removed non-blocking flag from /podr/container/pipe/d89ffc0388e7_web-cybermat-prd/stdout_19fb7b8f42ef48d89d1ee1fb1862b893.
2025-08-18T21:36:55.0636850Z Creating stderr named pipe at /podr/container/pipe/d89ffc0388e7_web-cybermat-prd/stderr_c5e8767fc64244e4a3d8f5598a0ae9e8.
2025-08-18T21:36:55.0644146Z Successfully created stderr named pipe at: /podr/container/pipe/d89ffc0388e7_web-cybermat-prd/stderr_c5e8767fc64244e4a3d8f5598a0ae9e8.
2025-08-18T21:36:55.0649240Z Opening named pipe /podr/container/pipe/d89ffc0388e7_web-cybermat-prd/stderr_c5e8767fc64244e4a3d8f5598a0ae9e8 for reading in non-blocking mode.
2025-08-18T21:36:55.0731436Z Successfully opened named pipe: /podr/container/pipe/d89ffc0388e7_web-cybermat-prd/stderr_c5e8767fc64244e4a3d8f5598a0ae9e8.
2025-08-18T21:36:55.0748609Z Successfully removed non-blocking flag from /podr/container/pipe/d89ffc0388e7_web-cybermat-prd/stderr_c5e8767fc64244e4a3d8f5598a0ae9e8.
2025-08-18T21:36:55.0829206Z Creating container with image: appsvc/node:20-lts_20250724.2.tuxprod from registry: mcr.microsoft.com and fully qualified image name: mcr.microsoft.com/appsvc/node:20-lts_20250724.2.tuxprod
2025-08-18T21:36:55.7279930Z Starting container: d89ffc0388e7_web-cybermat-prd.
2025-08-18T21:36:55.8197942Z Starting watchers and probes.
2025-08-18T21:36:55.8370228Z Starting metrics collection.
2025-08-18T21:36:55.8591333Z Container is running.
2025-08-18T21:36:55.9576958Z Container start method finished after 14110 ms.
2025-08-18T21:37:40.5047604Z Container has finished running with exit code: 127.
2025-08-18T21:37:40.5061667Z Container is terminating. Grace period: 5 seconds.
2025-08-18T21:37:40.5157302Z Stop and delete container. Retry count = 0
2025-08-18T21:37:40.5162750Z Stopping container: d89ffc0388e7_web-cybermat-prd.
2025-08-18T21:37:40.6444223Z Deleting container: d89ffc0388e7_web-cybermat-prd. Retry count = 0
2025-08-18T21:37:41.1830550Z Container spec TerminationMessagePolicy  path 
2025-08-18T21:37:41.1912463Z Container is terminated. Total time elapsed: 670 ms.
2025-08-18T21:37:41.1924659Z Site container: web-cybermat-prd terminated during site startup.
2025-08-18T21:37:41.1934651Z Site startup probe failed after 45.2128923 seconds.
2025-08-18T21:37:41.2519157Z Failed to start site. Revert by stopping site.
2025-08-18T21:37:41.2614113Z Site: web-cybermat-prd stopped.
2025-08-18T21:38:05.080Z INFO  - Starting container for site
2025-08-18T21:38:05.088Z INFO  - docker run -d --expose=8080 --name web-cybermat-prd_0_dd7c20c0 -e WEBSITE_USE_DIAGNOSTIC_SERVER=true -e WEBSITE_SITE_NAME=web-cybermat-prd -e WEBSITE_AUTH_ENABLED=False -e WEBSITE_ROLE_INSTANCE_ID=0 -e WEBSITE_HOSTNAME=web-cybermat-prd.azurewebsites.net -e WEBSITE_INSTANCE_ID=7d84ad198c6f807fbfa2076d1e286d2bb239ec2b3ab1f48a5008aac89bd50ca3 appsvc/node:20-lts_20250724.2.tuxprod 
2025-08-18T21:38:05.088Z INFO  - Logging is not enabled for this container.
Please use https://aka.ms/linux-diagnostics to enable logging to see container logs here.
2025-08-18T21:38:07.828Z INFO  - Initiating warmup request to container web-cybermat-prd_0_dd7c20c0_msiProxy for site web-cybermat-prd
2025-08-18T21:38:07.896Z INFO  - Container web-cybermat-prd_0_dd7c20c0_msiProxy for site web-cybermat-prd initialized successfully and is ready to serve requests.
2025-08-18T21:38:07.897Z INFO  - Initiating warmup request to container web-cybermat-prd_0_dd7c20c0 for site web-cybermat-prd
2025-08-18T21:38:24.754Z INFO  - Waiting for response to warmup request for container web-cybermat-prd_0_dd7c20c0. Elapsed time = 16.9261544 sec
2025-08-18T21:38:30.624Z ERROR - Container web-cybermat-prd_0_dd7c20c0 for site web-cybermat-prd has exited, failing site start
2025-08-18T21:38:30.654Z ERROR - Container web-cybermat-prd_0_dd7c20c0 didn't respond to HTTP pings on port: 8080. Failing site start. See container logs for debugging.
2025-08-18T21:38:30.782Z INFO  - Stopping site web-cybermat-prd because it failed during startup.
2025-08-18T21:41:02.357Z INFO  - Starting container for site
2025-08-18T21:41:02.359Z INFO  - docker run -d --expose=8080 --name web-cybermat-prd_0_1b48b19b -e WEBSITE_USE_DIAGNOSTIC_SERVER=true -e WEBSITE_SITE_NAME=web-cybermat-prd -e WEBSITE_AUTH_ENABLED=False -e WEBSITE_ROLE_INSTANCE_ID=0 -e WEBSITE_HOSTNAME=web-cybermat-prd.azurewebsites.net -e WEBSITE_INSTANCE_ID=7d84ad198c6f807fbfa2076d1e286d2bb239ec2b3ab1f48a5008aac89bd50ca3 appsvc/node:20-lts_20250724.2.tuxprod 
2025-08-18T21:41:02.363Z INFO  - Logging is not enabled for this container.
Please use https://aka.ms/linux-diagnostics to enable logging to see container logs here.
2025-08-18T21:41:04.619Z INFO  - Initiating warmup request to container web-cybermat-prd_0_1b48b19b_msiProxy for site web-cybermat-prd
2025-08-18T21:41:04.681Z INFO  - Container web-cybermat-prd_0_1b48b19b_msiProxy for site web-cybermat-prd initialized successfully and is ready to serve requests.
2025-08-18T21:41:04.682Z INFO  - Initiating warmup request to container web-cybermat-prd_0_1b48b19b for site web-cybermat-prd
2025-08-18T21:41:21.477Z INFO  - Waiting for response to warmup request for container web-cybermat-prd_0_1b48b19b. Elapsed time = 16.857844 sec
2025-08-18T21:41:25.865Z ERROR - Container web-cybermat-prd_0_1b48b19b for site web-cybermat-prd has exited, failing site start
2025-08-18T21:41:25.889Z ERROR - Container web-cybermat-prd_0_1b48b19b didn't respond to HTTP pings on port: 8080. Failing site start. See container logs for debugging.
2025-08-18T21:41:25.930Z INFO  - Stopping site web-cybermat-prd because it failed during startup.
2025-08-18T21:51:18.0846402Z Container start method called.
2025-08-18T21:51:18.0848273Z Establishing network.
2025-08-18T21:51:18.0857727Z Pulling image: appsvc/node:20-lts_20250724.2.tuxprod.
2025-08-18T21:51:23.1075714Z Container is starting.
2025-08-18T21:51:23.1077267Z Establishing user namespace if not established already.
2025-08-18T21:51:23.1080750Z Establishing network if not established already.
2025-08-18T21:51:23.1082837Z Mounting volumes.
2025-08-18T21:51:23.1089207Z Nested mountpoint 
2025-08-18T21:51:23.1486734Z Nested mountpoint volatile/logs
2025-08-18T21:51:23.1661008Z Nested mountpoint 
2025-08-18T21:51:23.1686918Z Nested mountpoint 
2025-08-18T21:51:23.2078638Z Nested mountpoint 
2025-08-18T21:51:24.3444846Z Creating container.
2025-08-18T21:51:24.3445816Z Creating pipes for streaming container io.
2025-08-18T21:51:24.3446675Z Creating stdout named pipe at /podr/container/pipe/463f584b7d9e_web-cybermat-prd/stdout_401e96795c284320b8ff95dc8ac98000.
2025-08-18T21:51:24.3448464Z Successfully created stdout named pipe at: /podr/container/pipe/463f584b7d9e_web-cybermat-prd/stdout_401e96795c284320b8ff95dc8ac98000.
2025-08-18T21:51:24.3449172Z Opening named pipe /podr/container/pipe/463f584b7d9e_web-cybermat-prd/stdout_401e96795c284320b8ff95dc8ac98000 for reading in non-blocking mode.
2025-08-18T21:51:24.3450042Z Successfully opened named pipe: /podr/container/pipe/463f584b7d9e_web-cybermat-prd/stdout_401e96795c284320b8ff95dc8ac98000.
2025-08-18T21:51:24.3450812Z Successfully removed non-blocking flag from /podr/container/pipe/463f584b7d9e_web-cybermat-prd/stdout_401e96795c284320b8ff95dc8ac98000.
2025-08-18T21:51:24.3451614Z Creating stderr named pipe at /podr/container/pipe/463f584b7d9e_web-cybermat-prd/stderr_48e1123d2fb64974be5822a2c963cf2f.
2025-08-18T21:51:24.3452626Z Successfully created stderr named pipe at: /podr/container/pipe/463f584b7d9e_web-cybermat-prd/stderr_48e1123d2fb64974be5822a2c963cf2f.
2025-08-18T21:51:24.3453591Z Opening named pipe /podr/container/pipe/463f584b7d9e_web-cybermat-prd/stderr_48e1123d2fb64974be5822a2c963cf2f for reading in non-blocking mode.
2025-08-18T21:51:24.3454473Z Successfully opened named pipe: /podr/container/pipe/463f584b7d9e_web-cybermat-prd/stderr_48e1123d2fb64974be5822a2c963cf2f.
2025-08-18T21:51:24.3455146Z Successfully removed non-blocking flag from /podr/container/pipe/463f584b7d9e_web-cybermat-prd/stderr_48e1123d2fb64974be5822a2c963cf2f.
2025-08-18T21:51:24.4137204Z Creating container with image: appsvc/node:20-lts_20250724.2.tuxprod from registry: mcr.microsoft.com and fully qualified image name: mcr.microsoft.com/appsvc/node:20-lts_20250724.2.tuxprod
2025-08-18T21:51:25.3398940Z Starting container: 463f584b7d9e_web-cybermat-prd.
2025-08-18T21:51:25.4126905Z Starting watchers and probes.
2025-08-18T21:51:25.4208306Z Starting metrics collection.
2025-08-18T21:51:25.4216906Z Container is running.
2025-08-18T21:51:25.7138297Z Container start method finished after 7626 ms.
2025-08-18T21:51:49.7965974Z Container has finished running with exit code: 127.
2025-08-18T21:51:49.7971694Z Container is terminating. Grace period: 5 seconds.
2025-08-18T21:51:49.8052779Z Stop and delete container. Retry count = 0
2025-08-18T21:51:49.8058131Z Stopping container: 463f584b7d9e_web-cybermat-prd.
2025-08-18T21:51:49.8781247Z Deleting container: 463f584b7d9e_web-cybermat-prd. Retry count = 0
2025-08-18T21:51:50.7502470Z Container spec TerminationMessagePolicy  path 
2025-08-18T21:51:50.7601125Z Container is terminated. Total time elapsed: 945 ms.
2025-08-18T21:51:50.7686828Z Site container: web-cybermat-prd terminated during site startup.
2025-08-18T21:51:50.7693729Z Site startup probe failed after 25.0199825 seconds.
2025-08-18T21:51:50.8011204Z Failed to start site. Revert by stopping site.
2025-08-18T21:51:50.8311008Z Site: web-cybermat-prd stopped.
2025-08-18T21:51:52.3573107Z Site container: web-cybermat-prd_managedIdentity terminated during site startup.
2025-08-18T21:51:52.3664661Z ManagedIdentity container failed to startup
2025-08-18T21:52:09.7339035Z Container start method called.
2025-08-18T21:52:09.7340108Z Establishing network.
2025-08-18T21:52:09.7340949Z Pulling image: appsvc/node:20-lts_20250724.2.tuxprod.
2025-08-18T21:52:28.9175195Z Container is starting.
2025-08-18T21:52:28.9247913Z Establishing user namespace if not established already.
2025-08-18T21:52:28.9263751Z Establishing network if not established already.
2025-08-18T21:52:28.9344314Z Mounting volumes.
2025-08-18T21:52:28.9352569Z Nested mountpoint 
2025-08-18T21:52:29.0079305Z Nested mountpoint volatile/logs
2025-08-18T21:52:29.0356533Z Nested mountpoint 
2025-08-18T21:52:29.0664093Z Nested mountpoint 
2025-08-18T21:52:29.1986199Z Nested mountpoint 
2025-08-18T21:52:30.3629495Z Creating container.
2025-08-18T21:52:30.3730371Z Creating pipes for streaming container io.
2025-08-18T21:52:30.3824086Z Creating stdout named pipe at /podr/container/pipe/e1e71ba7de5d_web-cybermat-prd/stdout_3d7eb2867f47461f92ac599855af4773.
2025-08-18T21:52:30.3840298Z Successfully created stdout named pipe at: /podr/container/pipe/e1e71ba7de5d_web-cybermat-prd/stdout_3d7eb2867f47461f92ac599855af4773.
2025-08-18T21:52:30.4040236Z Opening named pipe /podr/container/pipe/e1e71ba7de5d_web-cybermat-prd/stdout_3d7eb2867f47461f92ac599855af4773 for reading in non-blocking mode.
2025-08-18T21:52:30.4141391Z Successfully opened named pipe: /podr/container/pipe/e1e71ba7de5d_web-cybermat-prd/stdout_3d7eb2867f47461f92ac599855af4773.
2025-08-18T21:52:30.4218446Z Successfully removed non-blocking flag from /podr/container/pipe/e1e71ba7de5d_web-cybermat-prd/stdout_3d7eb2867f47461f92ac599855af4773.
2025-08-18T21:52:30.4228128Z Creating stderr named pipe at /podr/container/pipe/e1e71ba7de5d_web-cybermat-prd/stderr_0872343faaac4ab0bdfc9fab4fa68a21.
2025-08-18T21:52:30.4237793Z Successfully created stderr named pipe at: /podr/container/pipe/e1e71ba7de5d_web-cybermat-prd/stderr_0872343faaac4ab0bdfc9fab4fa68a21.
2025-08-18T21:52:30.4247401Z Opening named pipe /podr/container/pipe/e1e71ba7de5d_web-cybermat-prd/stderr_0872343faaac4ab0bdfc9fab4fa68a21 for reading in non-blocking mode.
2025-08-18T21:52:30.4327128Z Successfully opened named pipe: /podr/container/pipe/e1e71ba7de5d_web-cybermat-prd/stderr_0872343faaac4ab0bdfc9fab4fa68a21.
2025-08-18T21:52:30.4332800Z Successfully removed non-blocking flag from /podr/container/pipe/e1e71ba7de5d_web-cybermat-prd/stderr_0872343faaac4ab0bdfc9fab4fa68a21.
2025-08-18T21:52:30.4338297Z Creating container with image: appsvc/node:20-lts_20250724.2.tuxprod from registry: mcr.microsoft.com and fully qualified image name: mcr.microsoft.com/appsvc/node:20-lts_20250724.2.tuxprod
2025-08-18T21:52:31.1613953Z Starting container: e1e71ba7de5d_web-cybermat-prd.
2025-08-18T21:52:31.2615824Z Starting watchers and probes.
2025-08-18T21:52:31.2718854Z Starting metrics collection.
2025-08-18T21:52:31.2815058Z Container is running.
2025-08-18T21:52:31.5035910Z Container start method finished after 21769 ms.
2025-08-18T21:52:52.6487825Z Container has finished running with exit code: 127.
2025-08-18T21:52:52.6661008Z Container is terminating. Grace period: 5 seconds.
2025-08-18T21:52:52.6671166Z Stop and delete container. Retry count = 0
2025-08-18T21:52:52.6675049Z Stopping container: e1e71ba7de5d_web-cybermat-prd.
2025-08-18T21:52:52.8280592Z Deleting container: e1e71ba7de5d_web-cybermat-prd. Retry count = 0
2025-08-18T21:52:53.6174445Z Container spec TerminationMessagePolicy  path 
2025-08-18T21:52:53.6365919Z Container is terminated. Total time elapsed: 969 ms.
2025-08-18T21:52:53.6371197Z Site container: web-cybermat-prd terminated during site startup.
2025-08-18T21:52:53.6461028Z Site startup probe failed after 22.0427559 seconds.
2025-08-18T21:52:53.7466516Z Failed to start site. Revert by stopping site.
2025-08-18T21:52:53.7480369Z Site: web-cybermat-prd stopped.
