[1;33m=== Live Application Verification ===[0m
Admin Email: va.sysoiev@audit3a.com
Preset File: imports/preset_cscm_v3.json
Log file: logs/reports/run-20250815-160803-verify.log
Started: Fri Aug 15 16:08:03 MDT 2025

[1;33m1. Discovering application URLs...[0m
WARNING: The behavior of this command has been altered by the following extension: containerapp
WARNING: The behavior of this command has been altered by the following extension: containerapp
API URL: https://api-aaa-demo.bravewater-3d70a706.canadacentral.azurecontainerapps.io
Web URL: https://web-aaa-demo.bravewater-3d70a706.canadacentral.azurecontainerapps.io
[1;33m2. Testing basic endpoints...[0m
Testing API health...
[0;32m✓ API health: {"status":"ok"}[0m
Testing API docs...
[0;32m✓ API docs: HTTP 200[0m
[1;33m3. Testing CORS preflight...[0m
Testing CORS preflight to POST /presets/upload...
CORS preflight response headers (first 40 lines):
HTTP/2 200 
date: Fri, 15 Aug 2025 22:08:08 GMT
server: uvicorn
vary: Origin
access-control-allow-methods: DELETE, GET, HEAD, OPTIONS, PATCH, POST, PUT
access-control-max-age: 600
access-control-allow-credentials: true
access-control-allow-origin: https://web-aaa-demo.bravewater-3d70a706.canadacentral.azurecontainerapps.io
access-control-allow-headers: X-User-Email,X-Engagement-ID,Content-Type
content-length: 2
content-type: text/plain; charset=utf-8

OK
[0;32m✓ CORS preflight passed[0m
[1;33m4. Testing preset upload via web proxy...[0m
Uploading imports/preset_cscm_v3.json via web app proxy...
Upload response: HTTP 401
Response body: {"error":"Authentication required"}
[0;31m✗ Preset upload failed (HTTP 401)[0m
[1;33m5. Creating test engagement via web proxy...[0m
[0;31m✗ Engagement creation failed (HTTP 401): {"error":"Authentication required"}[0m
