[1;33m=== Live Application Verification ===[0m
Admin Email: va.sysoiev@audit3a.com
Preset File: imports/preset_cscm_v3.json
Log file: logs/reports/run-20250816-094654-verify.log
Started: Sat 16 Aug 2025 09:46:54 MDT

[1;33m1. Discovering application URLs...[0m
WARNING: The behavior of this command has been altered by the following extension: containerapp
WARNING: The behavior of this command has been altered by the following extension: containerapp
API URL: https://api-aaa-demo.bravewater-3d70a706.canadacentral.azurecontainerapps.io
Web URL: https://web-aaa-demo.bravewater-3d70a706.canadacentral.azurecontainerapps.io
[1;33m2. Testing basic endpoints...[0m
Testing API health...
[0;32m✓ API health: {"status":"ok"}[0m
Testing API version...
[1;33m⚠ API version endpoint may not be available: {"detail":"Not Found"}[0m
Testing API docs...
[0;32m✓ API docs: HTTP 200[0m
Testing Web app...
[0;31m✗ Web app failed: HTTP 404[0m
Testing Web version...
[1;33m⚠ Web proxy version may not be available: {"detail":"Not Found"}[0m
Testing Admin Ops via Web proxy...
[1;33m⚠ Admin Ops endpoint returned HTTP 404[0m
[1;33m3. Testing CORS preflight...[0m
Testing CORS preflight to POST /presets/upload...
CORS preflight response headers (first 40 lines):
HTTP/2 200 
date: Sat, 16 Aug 2025 15:47:01 GMT
server: uvicorn
vary: Origin
access-control-allow-methods: DELETE, GET, HEAD, OPTIONS, PATCH, POST, PUT
access-control-max-age: 600
access-control-allow-credentials: true
access-control-allow-origin: https://web-aaa-demo.bravewater-3d70a706.canadacentral.azurecontainerapps.io
access-control-allow-headers: X-User-Email,X-Engagement-ID,Content-Type
content-length: 2
content-type: text/plain; charset=utf-8

OK
[0;32m✓ CORS preflight passed[0m
[1;33m4. Testing preset upload via web proxy...[0m
Uploading imports/preset_cscm_v3.json via web app proxy...
Upload response: HTTP 200
Response body: {"id":"cscm-v3","name":"Cyber Security Capability Model v3","version":"3.0"}
[0;32m✓ Preset upload successful (HTTP 200)[0m
[1;33m5. Creating test engagement via web proxy...[0m
[0;32m✓ Engagement created: acd32005-58f2-4ed3-b913-56f75aa4a6cb[0m
[1;33m6. Adding self as engagement lead via web proxy...[0m
[1;33m⚠ Failed to add as lead (HTTP 422) - continuing[0m
[1;33m7. Creating CSCM v3 assessment via web proxy...[0m
[0;32m✓ Assessment created: 48c38415-6f1a-49a8-a58e-690d2ad45bb9[0m
[1;33m8. Testing analyze endpoint...[0m
[1;33m⚠ Analyze endpoint returned HTTP 422 - may not be fully implemented[0m
[1;33m9. Testing recommend endpoint...[0m
[1;33m⚠ Recommend endpoint returned HTTP 400 - may not be fully implemented[0m

[0;32m=== Live Verification Complete ===[0m

[1;33mTest Results Summary:[0m
✓ API Health Check: Passed
✓ API Docs: Accessible
✓ CORS Preflight: Configured
✓ Preset Upload: Working
✓ Engagement Creation: Working
✓ Assessment Creation: Working

[0;32m=== Verification Complete ===[0m

[1;33mTest Results Summary:[0m
✅ API Health Check
✅ API Documentation
✅ API Version Info
✅ CORS Preflight
✅ Preset Upload
✅ Engagement Creation
✅ Assessment Creation
✅ AI Analysis
✅ AI Recommendations

[1;33mBrowser Deep Links:[0m
📊 Engagement Dashboard: https://web-aaa-demo.bravewater-3d70a706.canadacentral.azurecontainerapps.io/e/acd32005-58f2-4ed3-b913-56f75aa4a6cb/dashboard
🆕 New Assessment: https://web-aaa-demo.bravewater-3d70a706.canadacentral.azurecontainerapps.io/e/acd32005-58f2-4ed3-b913-56f75aa4a6cb/new
⚙️  Admin Presets: https://web-aaa-demo.bravewater-3d70a706.canadacentral.azurecontainerapps.io/admin/presets
🔧 Admin Ops: https://web-aaa-demo.bravewater-3d70a706.canadacentral.azurecontainerapps.io/admin/ops
📋 Engagements: https://web-aaa-demo.bravewater-3d70a706.canadacentral.azurecontainerapps.io/engagements
📖 API Docs: https://api-aaa-demo.bravewater-3d70a706.canadacentral.azurecontainerapps.io/docs

[1;33mCreated Test Data:[0m
Engagement ID: acd32005-58f2-4ed3-b913-56f75aa4a6cb
Assessment ID: 48c38415-6f1a-49a8-a58e-690d2ad45bb9

[1;33mReports Generated:[0m
Verification log: logs/reports/run-20250816-094654-verify.log
Summary: logs/reports/run-20250816-094654-verify-summary.md

[0;32m✅ All critical paths verified successfully![0m
scripts/verify_live.sh: line 319: COOKIE_JAR: unbound variable
