2025-08-19T01:33:55.7596141Z,Updating submodules.,ce33077c-602b-4d6b-8693-f535e8762b90,0
2025-08-19T01:33:56.8878608Z,Preparing deployment for commit id '9a5c6301-a'.,df74c639-7e20-46dc-b959-2795449c3e0f,0
2025-08-19T01:33:57.1894962Z,PreDeployment: context.CleanOutputPath False,ae486619-8454-46b0-af05-20c393e40571,0
2025-08-19T01:33:57.3341367Z,PreDeployment: context.OutputPath /home/site/wwwroot,f6aafd5c-7879-4051-a006-29363e42c151,0
2025-08-19T01:33:57.4693359Z,Running build. Project type: OneDeploy,734912c4-4b3a-4e93-9061-b6570fd458a7,0
2025-08-19T01:33:57.6290386Z,Copying the manifest,857a1d61-de43-49a3-a6a2-ca4e82565c8b,0
2025-08-19T01:33:57.8578205Z,NodeProjectOptimizer Initialized with repository path: /tmp/zipdeploy/extracted and output path: /home/site/wwwroot ,c29503ac-33a0-4125-8b4c-71e58f077104,0
2025-08-19T01:33:58.0344113Z,Optimizing build...,7b152c10-7e7a-48ae-8563-887c02463be9,0
2025-08-19T01:33:58.2057987Z,Zipping node_modules...,8a2044a9-0625-43e5-a360-169d68cb7c50,0
	2025-08-19T01:33:58.2375175Z,Command: /opt/Kudu/Scripts/absoluteTar.sh /tmp/zipdeploy/extracted/node_modules /tmp/zipdeploy/extracted/node_modules.tar.gz,,0
	2025-08-19T01:34:02.4423744Z,Zipped /tmp/zipdeploy/extracted/node_modules to /tmp/zipdeploy/extracted/node_modules.tar.gz done successfully,,0
2025-08-19T01:34:02.7830693Z,Zipped Node Modules to /tmp/zipdeploy/extracted/node_modules.tar.gz,5c496652-a560-445a-ac41-454d38b6c2ad,0
2025-08-19T01:34:02.9659926Z,Express Node Deploy: Running rsync...,c2d87e0c-32c8-44bc-a15f-2fbce3daf03d,0
	2025-08-19T01:34:02.9963217Z,Command: /opt/Kudu/Scripts/parallel_rsync.sh /tmp/zipdeploy/extracted /home/site/wwwroot 8 /tmp/ False False node_modules ,,0
	2025-08-19T01:34:03.1927841Z,Run rsync from: /tmp/zipdeploy/extracted/ to: /home/site/wwwroot/ in 8 parallel threads,,0
	2025-08-19T01:34:03.2590750Z,Delete options: clean=False&comma; use manifest=False&comma; directory to ignore=node_modules,,0
	2025-08-19T01:34:03.3193115Z,Prev manifest = /home/site/deployments/d178bf05-5f53-45bf-9244-6d2932fb8d24/manifest and next /home/site/deployments/9a5c6301-a2aa-44b4-8092-4a84512a35b8/manifest,,0
	2025-08-19T01:34:03.3848291Z,Cleaning up /tmp//filelist.txt and /tmp//splits,,0
	2025-08-19T01:34:03.4344858Z,Creating a list of all files at /tmp//filelist.txt,,0
	2025-08-19T01:34:03.4906305Z,Excluding: node_modules,,0
	2025-08-19T01:34:03.5385955Z,Created /tmp//filelist.txt. Total number of files to be synced = 206.,,0
	2025-08-19T01:34:03.6472792Z,Created batches from the list of files. Processing 26 files in each thread,,0
	2025-08-19T01:34:03.8631219Z,Running rsync for filelist /tmp//splits/split.aa from /tmp/zipdeploy/extracted/ to /home/site/wwwroot/,,0
	2025-08-19T01:34:03.9089978Z,Running rsync for filelist /tmp//splits/split.ab from /tmp/zipdeploy/extracted/ to /home/site/wwwroot/,,0
	2025-08-19T01:34:04.0353435Z,Running rsync for filelist /tmp//splits/split.ac from /tmp/zipdeploy/extracted/ to /home/site/wwwroot/,,0
	2025-08-19T01:34:04.1122982Z,Running rsync for filelist /tmp//splits/split.af from /tmp/zipdeploy/extracted/ to /home/site/wwwroot/,,0
	2025-08-19T01:34:04.1904864Z,Running rsync for filelist /tmp//splits/split.ae from /tmp/zipdeploy/extracted/ to /home/site/wwwroot/,,0
	2025-08-19T01:34:04.3744046Z,Running rsync for filelist /tmp//splits/split.ad from /tmp/zipdeploy/extracted/ to /home/site/wwwroot/,,0
	2025-08-19T01:34:04.4057294Z,Running rsync for filelist /tmp//splits/split.ag from /tmp/zipdeploy/extracted/ to /home/site/wwwroot/,,0
	2025-08-19T01:34:04.6928087Z,Running rsync for filelist /tmp//splits/split.ah from /tmp/zipdeploy/extracted/ to /home/site/wwwroot/,,0
	2025-08-19T01:34:08.6524301Z,,,0
	2025-08-19T01:34:08.7229965Z,Number of files: 47 (reg: 24&comma; dir: 23),,0
	2025-08-19T01:34:08.7628576Z,Number of created files: 0,,0
	2025-08-19T01:34:08.8004009Z,Number of deleted files: 0,,0
	2025-08-19T01:34:08.8578464Z,Number of regular files transferred: 24,,0
	2025-08-19T01:34:08.9291119Z,Total file size: 720.73K bytes,,0
	2025-08-19T01:34:08.9761714Z,Total transferred file size: 720.73K bytes,,0
	2025-08-19T01:34:09.0445833Z,Literal data: 720.73K bytes,,0
	2025-08-19T01:34:09.0673476Z,Matched data: 0 bytes,,0
	2025-08-19T01:34:09.0857361Z,File list size: 0,,0
	2025-08-19T01:34:09.1506080Z,File list generation time: 0.194 seconds,,0
	2025-08-19T01:34:09.2063820Z,File list transfer time: 0.000 seconds,,0
	2025-08-19T01:34:09.2448919Z,Total bytes sent: 186.43K,,0
	2025-08-19T01:34:09.2872736Z,Total bytes received: 541,,0
	2025-08-19T01:34:09.2997353Z,,,0
	2025-08-19T01:34:09.3087331Z,sent 186.43K bytes  received 541 bytes  41.55K bytes/sec,,0
	2025-08-19T01:34:09.3343474Z,total size is 720.73K  speedup is 3.85,,0
	2025-08-19T01:34:09.3553753Z,Attempt 1: Rsync for filelist /tmp//splits/split.ah completed with exit code 0,,0
	2025-08-19T01:34:09.3795343Z,,,0
	2025-08-19T01:34:09.3955575Z,Number of files: 45 (reg: 26&comma; dir: 19),,0
	2025-08-19T01:34:09.4101688Z,Number of created files: 8 (reg: 7&comma; dir: 1),,0
	2025-08-19T01:34:09.4183174Z,Number of deleted files: 0,,0
	2025-08-19T01:34:09.4484755Z,Number of regular files transferred: 26,,0
	2025-08-19T01:34:09.4890223Z,Total file size: 745.62K bytes,,0
	2025-08-19T01:34:09.5178429Z,Total transferred file size: 745.62K bytes,,0
	2025-08-19T01:34:09.5417379Z,Literal data: 745.62K bytes,,0
	2025-08-19T01:34:09.5580105Z,Matched data: 0 bytes,,0
	2025-08-19T01:34:09.5915828Z,File list size: 0,,0
	2025-08-19T01:34:09.6051982Z,File list generation time: 0.069 seconds,,0
	2025-08-19T01:34:09.6274581Z,File list transfer time: 0.000 seconds,,0
	2025-08-19T01:34:09.6487219Z,Total bytes sent: 190.16K,,0
	2025-08-19T01:34:09.6633433Z,Total bytes received: 561,,0
	2025-08-19T01:34:09.6933588Z,,,0
	2025-08-19T01:34:09.7561594Z,sent 190.16K bytes  received 561 bytes  34.68K bytes/sec,,0
	2025-08-19T01:34:09.7941483Z,total size is 745.62K  speedup is 3.91,,0
	2025-08-19T01:34:09.8340353Z,Attempt 1: Rsync for filelist /tmp//splits/split.ag completed with exit code 0,,0
	2025-08-19T01:34:09.8553676Z,,,0
	2025-08-19T01:34:09.8834111Z,Number of files: 39 (reg: 26&comma; dir: 13),,0
	2025-08-19T01:34:09.9012486Z,Number of created files: 34 (reg: 26&comma; dir: 8),,0
	2025-08-19T01:34:09.9138065Z,Number of deleted files: 0,,0
	2025-08-19T01:34:09.9308936Z,Number of regular files transferred: 26,,0
	2025-08-19T01:34:09.9512728Z,Total file size: 511.83K bytes,,0
	2025-08-19T01:34:09.9643945Z,Total transferred file size: 511.83K bytes,,0
	2025-08-19T01:34:09.9824921Z,Literal data: 511.83K bytes,,0
	2025-08-19T01:34:10.0078816Z,Matched data: 0 bytes,,0
	2025-08-19T01:34:10.0186399Z,File list size: 0,,0
	2025-08-19T01:34:10.0293521Z,File list generation time: 0.504 seconds,,0
	2025-08-19T01:34:10.0404060Z,File list transfer time: 0.000 seconds,,0
	2025-08-19T01:34:10.0577977Z,Total bytes sent: 117.29K,,0
	2025-08-19T01:34:10.0801618Z,Total bytes received: 549,,0
	2025-08-19T01:34:10.0959316Z,,,0
	2025-08-19T01:34:10.1081282Z,sent 117.29K bytes  received 549 bytes  21.43K bytes/sec,,0
	2025-08-19T01:34:10.1199165Z,total size is 511.83K  speedup is 4.34,,0
	2025-08-19T01:34:10.1372888Z,Attempt 1: Rsync for filelist /tmp//splits/split.ac completed with exit code 0,,0
	2025-08-19T01:34:10.1459108Z,,,0
	2025-08-19T01:34:10.1583808Z,Number of files: 38 (reg: 26&comma; dir: 12),,0
	2025-08-19T01:34:10.1766488Z,Number of created files: 34 (reg: 26&comma; dir: 8),,0
	2025-08-19T01:34:10.1867789Z,Number of deleted files: 0,,0
	2025-08-19T01:34:10.2040027Z,Number of regular files transferred: 26,,0
	2025-08-19T01:34:10.2136528Z,Total file size: 366.11K bytes,,0
	2025-08-19T01:34:10.2256939Z,Total transferred file size: 366.11K bytes,,0
	2025-08-19T01:34:10.2444830Z,Literal data: 366.11K bytes,,0
	2025-08-19T01:34:10.2994798Z,Matched data: 0 bytes,,0
	2025-08-19T01:34:10.3082756Z,File list size: 0,,0
	2025-08-19T01:34:10.3275061Z,File list generation time: 0.419 seconds,,0
	2025-08-19T01:34:10.3373696Z,File list transfer time: 0.000 seconds,,0
	2025-08-19T01:34:10.3480613Z,Total bytes sent: 82.88K,,0
	2025-08-19T01:34:10.3751407Z,Total bytes received: 546,,0
	2025-08-19T01:34:10.4353156Z,,,0
	2025-08-19T01:34:10.4421318Z,sent 82.88K bytes  received 546 bytes  15.17K bytes/sec,,0
	2025-08-19T01:34:10.4551612Z,total size is 366.11K  speedup is 4.39,,0
	2025-08-19T01:34:10.4653530Z,Attempt 1: Rsync for filelist /tmp//splits/split.ab completed with exit code 0,,0
	2025-08-19T01:34:10.4774609Z,,,0
	2025-08-19T01:34:10.4970771Z,Number of files: 36 (reg: 26&comma; dir: 10),,0
	2025-08-19T01:34:10.5147318Z,Number of created files: 31 (reg: 26&comma; dir: 5),,0
	2025-08-19T01:34:10.5317809Z,Number of deleted files: 0,,0
	2025-08-19T01:34:10.5539451Z,Number of regular files transferred: 26,,0
	2025-08-19T01:34:10.5742978Z,Total file size: 130.16K bytes,,0
	2025-08-19T01:34:10.5858753Z,Total transferred file size: 130.16K bytes,,0
	2025-08-19T01:34:10.6037164Z,Literal data: 130.16K bytes,,0
	2025-08-19T01:34:10.6210424Z,Matched data: 0 bytes,,0
	2025-08-19T01:34:10.6318845Z,File list size: 0,,0
	2025-08-19T01:34:10.6534139Z,File list generation time: 0.217 seconds,,0
	2025-08-19T01:34:10.6618377Z,File list transfer time: 0.000 seconds,,0
	2025-08-19T01:34:10.6726965Z,Total bytes sent: 17.86K,,0
	2025-08-19T01:34:10.7012436Z,Total bytes received: 537,,0
	2025-08-19T01:34:10.7183023Z,,,0
	2025-08-19T01:34:10.7267659Z,sent 17.86K bytes  received 537 bytes  3.34K bytes/sec,,0
	2025-08-19T01:34:10.7505725Z,total size is 130.16K  speedup is 7.08,,0
	2025-08-19T01:34:10.7699243Z,Attempt 1: Rsync for filelist /tmp//splits/split.af completed with exit code 0,,0
	2025-08-19T01:34:10.7959101Z,,,0
	2025-08-19T01:34:10.8016544Z,Number of files: 35 (reg: 26&comma; dir: 9),,0
	2025-08-19T01:34:10.8089684Z,Number of created files: 32 (reg: 26&comma; dir: 6),,0
	2025-08-19T01:34:10.8384850Z,Number of deleted files: 0,,0
	2025-08-19T01:34:10.8502378Z,Number of regular files transferred: 26,,0
	2025-08-19T01:34:10.8708787Z,Total file size: 136.30K bytes,,0
	2025-08-19T01:34:10.8866523Z,Total transferred file size: 136.30K bytes,,0
	2025-08-19T01:34:10.9070498Z,Literal data: 136.30K bytes,,0
	2025-08-19T01:34:10.9173658Z,Matched data: 0 bytes,,0
	2025-08-19T01:34:10.9369123Z,File list size: 0,,0
	2025-08-19T01:34:10.9486441Z,File list generation time: 0.220 seconds,,0
	2025-08-19T01:34:10.9668375Z,File list transfer time: 0.000 seconds,,0
	2025-08-19T01:34:10.9846133Z,Total bytes sent: 18.52K,,0
	2025-08-19T01:34:11.0221461Z,Total bytes received: 534,,0
	2025-08-19T01:34:11.0425111Z,,,0
	2025-08-19T01:34:11.0700767Z,sent 18.52K bytes  received 534 bytes  3.46K bytes/sec,,0
	2025-08-19T01:34:11.0990082Z,total size is 136.30K  speedup is 7.15,,0
	2025-08-19T01:34:11.1194723Z,Attempt 1: Rsync for filelist /tmp//splits/split.ae completed with exit code 0,,0
	2025-08-19T01:34:11.1604887Z,,,0
	2025-08-19T01:34:11.1780364Z,Number of files: 32 (reg: 26&comma; dir: 6),,0
	2025-08-19T01:34:11.1881957Z,Number of created files: 28 (reg: 24&comma; dir: 4),,0
	2025-08-19T01:34:11.2009625Z,Number of deleted files: 0,,0
	2025-08-19T01:34:11.2165888Z,Number of regular files transferred: 26,,0
	2025-08-19T01:34:11.2466781Z,Total file size: 4.36M bytes,,0
	2025-08-19T01:34:11.2540756Z,Total transferred file size: 4.36M bytes,,0
	2025-08-19T01:34:11.2677357Z,Literal data: 4.36M bytes,,0
	2025-08-19T01:34:11.2931150Z,Matched data: 0 bytes,,0
	2025-08-19T01:34:11.3037756Z,File list size: 0,,0
	2025-08-19T01:34:11.3221174Z,File list generation time: 0.359 seconds,,0
	2025-08-19T01:34:11.3336137Z,File list transfer time: 0.000 seconds,,0
	2025-08-19T01:34:11.3429318Z,Total bytes sent: 4.23M,,0
	2025-08-19T01:34:11.3552980Z,Total bytes received: 522,,0
	2025-08-19T01:34:11.3736947Z,,,0
	2025-08-19T01:34:11.3862551Z,sent 4.23M bytes  received 522 bytes  768.74K bytes/sec,,0
	2025-08-19T01:34:11.4019998Z,total size is 4.36M  speedup is 1.03,,0
	2025-08-19T01:34:11.4128686Z,Attempt 1: Rsync for filelist /tmp//splits/split.aa completed with exit code 0,,0
	2025-08-19T01:34:11.4308627Z,,,0
	2025-08-19T01:34:11.4420059Z,Number of files: 39 (reg: 26&comma; dir: 13),,0
	2025-08-19T01:34:11.4511830Z,Number of created files: 35 (reg: 26&comma; dir: 9),,0
	2025-08-19T01:34:11.4709510Z,Number of deleted files: 0,,0
	2025-08-19T01:34:11.4822094Z,Number of regular files transferred: 26,,0
	2025-08-19T01:34:11.5383305Z,Total file size: 78.94K bytes,,0
	2025-08-19T01:34:11.5517303Z,Total transferred file size: 78.94K bytes,,0
	2025-08-19T01:34:11.5616173Z,Literal data: 78.94K bytes,,0
	2025-08-19T01:34:11.5719333Z,Matched data: 0 bytes,,0
	2025-08-19T01:34:11.5904048Z,File list size: 0,,0
	2025-08-19T01:34:11.6016504Z,File list generation time: 0.038 seconds,,0
	2025-08-19T01:34:11.6270462Z,File list transfer time: 0.000 seconds,,0
	2025-08-19T01:34:11.6378883Z,Total bytes sent: 14.44K,,0
	2025-08-19T01:34:11.7125322Z,Total bytes received: 546,,0
	2025-08-19T01:34:11.7392168Z,,,0
	2025-08-19T01:34:11.7982908Z,sent 14.44K bytes  received 546 bytes  2.72K bytes/sec,,0
	2025-08-19T01:34:11.8192685Z,total size is 78.94K  speedup is 5.27,,0
	2025-08-19T01:34:11.8669929Z,Attempt 1: Rsync for filelist /tmp//splits/split.ad completed with exit code 0,,0
	2025-08-19T01:34:11.9081127Z,Completed successfully in 7 seconds,,0
2025-08-19T01:34:12.0818041Z,Rsync completed to /home/site/wwwroot,7dea1414-c73b-49bc-866f-13e323ce5de6,0
2025-08-19T01:34:12.3080225Z,Manifest created at /home/site/wwwroot,76e8384b-8c2f-4368-b263-c85aea8d611d,0
2025-08-19T01:34:12.4395812Z,Optimized build done with success: True,ab6d9dd8-b94d-4ea5-92d4-61e8a6d9072f,0
2025-08-19T01:34:12.5735246Z,Build completed succesfully.,a1a21cd7-7800-4d0e-b00d-37e61b440f99,0
2025-08-19T01:34:12.7077250Z,Running post deployment command(s)...,d187a01f-71f6-4f9a-a87a-c66650cdd719,0
2025-08-19T01:34:12.9484364Z,Triggering container recycle for OneDeploy by adding/updating restartTrigger.txt to the site root path,e882693e-6ade-44b4-9c67-7aff17098035,0
2025-08-19T01:34:13.2005427Z,Deployment successful. deployer = OneDeploy deploymentPath = OneDeploy,8a126d74-250f-4acd-b2ed-2b8301fcdce9,0
