2025-08-19T04:30:37.6392939Z,Updating submodules.,5672ce0f-f408-44b3-9893-14869a7b0b0b,0
2025-08-19T04:30:38.8896367Z,Preparing deployment for commit id 'a9ac5d93-9'.,ade57664-87a3-45b6-b801-d26949a56c48,0
2025-08-19T04:30:39.3208142Z,PreDeployment: context.CleanOutputPath False,09301282-dc16-4309-8245-2a551c1a938b,0
2025-08-19T04:30:39.5348710Z,PreDeployment: context.OutputPath /home/site/wwwroot,f8343c82-9b85-4a7b-adf0-7e805a36e869,0
2025-08-19T04:30:39.7327114Z,Repository path is /tmp/zipdeploy/extracted,f6e0090f-5ef9-4330-af5e-244429bb8174,0
2025-08-19T04:30:39.9680745Z,Running oryx build...,cf06ab14-26b5-4af6-aa61-7e79cc9d45a0,0
	2025-08-19T04:30:40.0571022Z,Command: oryx build /tmp/zipdeploy/extracted -o /home/site/wwwroot --platform python --platform-version 3.11 -p virtualenv_name=antenv --log-file /tmp/build-debug.log  -i /tmp/8ddded92676f57f --compress-destination-dir | tee /tmp/oryx-build.log,,0
	2025-08-19T04:30:42.7461370Z,Operation performed by Microsoft Oryx&comma; https://github.com/Microsoft/Oryx,,0
	2025-08-19T04:30:42.8177374Z,You can report issues at https://github.com/Microsoft/Oryx/issues,,0
	2025-08-19T04:30:42.8478134Z,,,0
	2025-08-19T04:30:42.8681822Z,Oryx Version: 0.2.20250611.1+0649de32f1279969c9023dd41b389cce4bb94493&comma; Commit: 0649de32f1279969c9023dd41b389cce4bb94493&comma; ReleaseTagName: 20250611.1,,0
	2025-08-19T04:30:42.8981991Z,,,0
	2025-08-19T04:30:42.9175744Z,Build Operation ID: 06563a55522f1765,,0
	2025-08-19T04:30:42.9375662Z,Repository Commit : a9ac5d93-921b-4ff7-8f42-85ff9980c817,,0
	2025-08-19T04:30:42.9671061Z,OS Type           : bullseye,,0
	2025-08-19T04:30:43.0166117Z,Image Type        : githubactions,,0
	2025-08-19T04:30:43.1065213Z,,,0
	2025-08-19T04:30:43.1310830Z,Primary SDK Storage URL: https://oryx-cdn.microsoft.io,,0
	2025-08-19T04:30:43.1873029Z,Backup SDK Storage URL: https://oryxsdks-cdn.azureedge.net,,0
	2025-08-19T04:30:43.2175883Z,Detecting platforms...,,0
	2025-08-19T04:30:43.2483852Z,External SDK provider is enabled.,,0
	2025-08-19T04:30:43.2971164Z,Requesting metadata for platform python from external SDK provider,,0
	2025-08-19T04:30:44.3839219Z,Requesting metadata for platform python from external SDK provider,,0
	2025-08-19T04:30:45.7639046Z,Detected following platforms:,,0
	2025-08-19T04:30:45.8074179Z,  python: 3.11.13,,0
	2025-08-19T04:30:45.8389365Z,Requesting metadata for platform python from external SDK provider,,0
	2025-08-19T04:30:47.8269556Z,Version '3.11.13' of platform 'python' is not installed. Generating script to install it...,,0
	2025-08-19T04:30:48.7526418Z,,,0
	2025-08-19T04:30:48.9429155Z,Using intermediate directory '/tmp/8ddded92676f57f'.,,0
	2025-08-19T04:30:49.0649375Z,,,0
	2025-08-19T04:30:49.1041391Z,Copying files to the intermediate directory...,,0
	2025-08-19T04:30:49.2139797Z,Done in 1 sec(s).,,0
	2025-08-19T04:30:49.2657807Z,,,0
	2025-08-19T04:30:49.2947396Z,Source directory     : /tmp/8ddded92676f57f,,0
	2025-08-19T04:30:49.3266513Z,Destination directory: /home/site/wwwroot,,0
	2025-08-19T04:30:49.4152767Z,,,0
	2025-08-19T04:30:49.4364017Z,,,0
	2025-08-19T04:30:49.4669774Z,Downloading and extracting 'python' version '3.11.13' to '/tmp/oryx/platforms/python/3.11.13'...,,0
	2025-08-19T04:30:49.5265384Z,Detected image debian flavor: bullseye.,,0
	2025-08-19T04:30:49.5755672Z,Skipping download of python version 3.11.13 as it is available in external sdk provider cache...,,0
	2025-08-19T04:30:49.6254947Z,Extracting contents...,,0
